{"/home/travis/build/npmtest/node-npmtest-raspicam/test.js":{"path":"/home/travis/build/npmtest/node-npmtest-raspicam/test.js","s":{"1":2,"2":2,"3":2,"4":2,"5":2,"6":2,"7":2,"8":1,"9":2,"10":2,"11":1,"12":1,"13":1,"14":1,"15":2,"16":2,"17":2,"18":2,"19":1,"20":1,"21":2,"22":2,"23":2,"24":1,"25":1,"26":1,"27":1,"28":1,"29":1,"30":1,"31":1,"32":1,"33":1,"34":1,"35":1,"36":1,"37":1,"38":1,"39":2,"40":2,"41":1,"42":2,"43":2,"44":1,"45":2,"46":2,"47":1,"48":2,"49":2,"50":1,"51":1,"52":1,"53":1,"54":1},"b":{"1":[2,1,1,1],"2":[1,1,1,1],"3":[1,1],"4":[1,1],"5":[1,1],"6":[1,1],"7":[1,1],"8":[1,1],"9":[1,1],"10":[1,1,1],"11":[1,1],"12":[1,1],"13":[1,1],"14":[1,1],"15":[1,1],"16":[1,1],"17":[1,1]},"f":{"1":2,"2":2,"3":2,"4":2,"5":2,"6":1,"7":1,"8":1,"9":2,"10":2,"11":2,"12":2,"13":1},"fnMap":{"1":{"name":"(anonymous_1)","line":12,"loc":{"start":{"line":12,"column":1},"end":{"line":12,"column":13}}},"2":{"name":"(anonymous_2)","line":19,"loc":{"start":{"line":19,"column":5},"end":{"line":19,"column":17}}},"3":{"name":"(anonymous_3)","line":23,"loc":{"start":{"line":23,"column":24},"end":{"line":23,"column":36}}},"4":{"name":"(anonymous_4)","line":61,"loc":{"start":{"line":61,"column":5},"end":{"line":61,"column":17}}},"5":{"name":"(anonymous_5)","line":82,"loc":{"start":{"line":82,"column":5},"end":{"line":82,"column":17}}},"6":{"name":"(anonymous_6)","line":91,"loc":{"start":{"line":91,"column":77},"end":{"line":94,"column":10}}},"7":{"name":"(anonymous_7)","line":112,"loc":{"start":{"line":112,"column":83},"end":{"line":115,"column":10}},"skip":true},"8":{"name":"(anonymous_8)","line":123,"loc":{"start":{"line":123,"column":77},"end":{"line":126,"column":10}},"skip":true},"9":{"name":"(anonymous_9)","line":139,"loc":{"start":{"line":139,"column":12},"end":{"line":139,"column":40}},"skip":true},"10":{"name":"(anonymous_10)","line":147,"loc":{"start":{"line":147,"column":77},"end":{"line":150,"column":10}},"skip":true},"11":{"name":"(anonymous_11)","line":158,"loc":{"start":{"line":158,"column":83},"end":{"line":161,"column":10}},"skip":true},"12":{"name":"(anonymous_12)","line":169,"loc":{"start":{"line":169,"column":79},"end":{"line":172,"column":10}},"skip":true},"13":{"name":"(anonymous_13)","line":180,"loc":{"start":{"line":180,"column":75},"end":{"line":183,"column":10}},"skip":true}},"statementMap":{"1":{"start":{"line":12,"column":0},"end":{"line":195,"column":5}},"2":{"start":{"line":14,"column":4},"end":{"line":14,"column":14}},"3":{"start":{"line":19,"column":4},"end":{"line":56,"column":9}},"4":{"start":{"line":21,"column":8},"end":{"line":21,"column":19}},"5":{"start":{"line":23,"column":8},"end":{"line":35,"column":13}},"6":{"start":{"line":24,"column":12},"end":{"line":34,"column":13}},"7":{"start":{"line":25,"column":16},"end":{"line":28,"column":30}},"8":{"start":{"line":30,"column":16},"end":{"line":33,"column":27}},"9":{"start":{"line":37,"column":8},"end":{"line":39,"column":21}},"10":{"start":{"line":40,"column":8},"end":{"line":53,"column":9}},"11":{"start":{"line":43,"column":12},"end":{"line":46,"column":14}},"12":{"start":{"line":47,"column":12},"end":{"line":47,"column":18}},"13":{"start":{"line":50,"column":12},"end":{"line":51,"column":46}},"14":{"start":{"line":52,"column":12},"end":{"line":52,"column":18}},"15":{"start":{"line":55,"column":8},"end":{"line":55,"column":35}},"16":{"start":{"line":61,"column":4},"end":{"line":63,"column":9}},"17":{"start":{"line":62,"column":8},"end":{"line":62,"column":15}},"18":{"start":{"line":64,"column":4},"end":{"line":77,"column":5}},"19":{"start":{"line":70,"column":8},"end":{"line":70,"column":14}},"20":{"start":{"line":76,"column":8},"end":{"line":76,"column":14}},"21":{"start":{"line":82,"column":4},"end":{"line":84,"column":9}},"22":{"start":{"line":83,"column":8},"end":{"line":83,"column":15}},"23":{"start":{"line":85,"column":4},"end":{"line":194,"column":5}},"24":{"start":{"line":91,"column":8},"end":{"line":99,"column":10}},"25":{"start":{"line":98,"column":12},"end":{"line":98,"column":35}},"26":{"start":{"line":102,"column":8},"end":{"line":104,"column":63}},"27":{"start":{"line":105,"column":8},"end":{"line":105,"column":14}},"28":{"start":{"line":112,"column":8},"end":{"line":121,"column":10},"skip":true},"29":{"start":{"line":119,"column":12},"end":{"line":119,"column":55},"skip":true},"30":{"start":{"line":120,"column":12},"end":{"line":120,"column":48},"skip":true},"31":{"start":{"line":123,"column":8},"end":{"line":136,"column":10},"skip":true},"32":{"start":{"line":130,"column":12},"end":{"line":130,"column":76},"skip":true},"33":{"start":{"line":131,"column":12},"end":{"line":131,"column":73},"skip":true},"34":{"start":{"line":132,"column":12},"end":{"line":132,"column":74},"skip":true},"35":{"start":{"line":133,"column":12},"end":{"line":133,"column":79},"skip":true},"36":{"start":{"line":134,"column":12},"end":{"line":134,"column":25},"skip":true},"37":{"start":{"line":135,"column":12},"end":{"line":135,"column":45},"skip":true},"38":{"start":{"line":138,"column":8},"end":{"line":145,"column":14},"skip":true},"39":{"start":{"line":143,"column":16},"end":{"line":143,"column":29},"skip":true},"40":{"start":{"line":144,"column":16},"end":{"line":144,"column":55},"skip":true},"41":{"start":{"line":147,"column":8},"end":{"line":156,"column":10},"skip":true},"42":{"start":{"line":154,"column":12},"end":{"line":154,"column":25},"skip":true},"43":{"start":{"line":155,"column":12},"end":{"line":155,"column":45},"skip":true},"44":{"start":{"line":158,"column":8},"end":{"line":167,"column":10},"skip":true},"45":{"start":{"line":165,"column":12},"end":{"line":165,"column":25},"skip":true},"46":{"start":{"line":166,"column":12},"end":{"line":166,"column":48},"skip":true},"47":{"start":{"line":169,"column":8},"end":{"line":178,"column":10},"skip":true},"48":{"start":{"line":176,"column":12},"end":{"line":176,"column":25},"skip":true},"49":{"start":{"line":177,"column":12},"end":{"line":177,"column":46},"skip":true},"50":{"start":{"line":180,"column":8},"end":{"line":189,"column":10},"skip":true},"51":{"start":{"line":187,"column":12},"end":{"line":187,"column":94},"skip":true},"52":{"start":{"line":188,"column":12},"end":{"line":188,"column":48},"skip":true},"53":{"start":{"line":192,"column":8},"end":{"line":192,"column":35},"skip":true},"54":{"start":{"line":193,"column":8},"end":{"line":193,"column":14},"skip":true}},"branchMap":{"1":{"line":25,"type":"binary-expr","locations":[{"start":{"line":25,"column":23},"end":{"line":25,"column":62}},{"start":{"line":26,"column":20},"end":{"line":26,"column":70}},{"start":{"line":27,"column":20},"end":{"line":27,"column":71}},{"start":{"line":28,"column":20},"end":{"line":28,"column":29}}]},"2":{"line":30,"type":"binary-expr","locations":[{"start":{"line":30,"column":23},"end":{"line":30,"column":37}},{"start":{"line":31,"column":20},"end":{"line":31,"column":61}},{"start":{"line":32,"column":20},"end":{"line":32,"column":70}},{"start":{"line":33,"column":20},"end":{"line":33,"column":26}}]},"3":{"line":37,"type":"cond-expr","locations":[{"start":{"line":38,"column":14},"end":{"line":38,"column":20}},{"start":{"line":39,"column":14},"end":{"line":39,"column":20}}]},"4":{"line":40,"type":"switch","locations":[{"start":{"line":42,"column":8},"end":{"line":47,"column":18}},{"start":{"line":49,"column":8},"end":{"line":52,"column":18}}]},"5":{"line":44,"type":"binary-expr","locations":[{"start":{"line":44,"column":16},"end":{"line":44,"column":44}},{"start":{"line":44,"column":48},"end":{"line":44,"column":66}}]},"6":{"line":50,"type":"binary-expr","locations":[{"start":{"line":50,"column":21},"end":{"line":50,"column":49}},{"start":{"line":50,"column":53},"end":{"line":50,"column":72}}]},"7":{"line":64,"type":"switch","locations":[{"start":{"line":69,"column":4},"end":{"line":70,"column":14}},{"start":{"line":75,"column":4},"end":{"line":76,"column":14}}]},"8":{"line":85,"type":"switch","locations":[{"start":{"line":90,"column":4},"end":{"line":105,"column":14}},{"start":{"line":111,"column":4},"end":{"line":193,"column":14},"skip":true}]},"9":{"line":91,"type":"binary-expr","locations":[{"start":{"line":91,"column":42},"end":{"line":91,"column":73}},{"start":{"line":91,"column":77},"end":{"line":99,"column":9}}]},"10":{"line":102,"type":"binary-expr","locations":[{"start":{"line":102,"column":18},"end":{"line":102,"column":32}},{"start":{"line":103,"column":12},"end":{"line":103,"column":53}},{"start":{"line":104,"column":12},"end":{"line":104,"column":61}}]},"11":{"line":112,"type":"binary-expr","locations":[{"start":{"line":112,"column":45},"end":{"line":112,"column":79},"skip":true},{"start":{"line":112,"column":83},"end":{"line":121,"column":9},"skip":true}]},"12":{"line":123,"type":"binary-expr","locations":[{"start":{"line":123,"column":42},"end":{"line":123,"column":73},"skip":true},{"start":{"line":123,"column":77},"end":{"line":136,"column":9},"skip":true}]},"13":{"line":138,"type":"binary-expr","locations":[{"start":{"line":138,"column":48},"end":{"line":138,"column":85},"skip":true},{"start":{"line":139,"column":12},"end":{"line":145,"column":13},"skip":true}]},"14":{"line":147,"type":"binary-expr","locations":[{"start":{"line":147,"column":42},"end":{"line":147,"column":73},"skip":true},{"start":{"line":147,"column":77},"end":{"line":156,"column":9},"skip":true}]},"15":{"line":158,"type":"binary-expr","locations":[{"start":{"line":158,"column":45},"end":{"line":158,"column":79},"skip":true},{"start":{"line":158,"column":83},"end":{"line":167,"column":9},"skip":true}]},"16":{"line":169,"type":"binary-expr","locations":[{"start":{"line":169,"column":43},"end":{"line":169,"column":75},"skip":true},{"start":{"line":169,"column":79},"end":{"line":178,"column":9},"skip":true}]},"17":{"line":180,"type":"binary-expr","locations":[{"start":{"line":180,"column":41},"end":{"line":180,"column":71},"skip":true},{"start":{"line":180,"column":75},"end":{"line":189,"column":9},"skip":true}]}},"code":["/* istanbul instrument in package npmtest_raspicam */","/*jslint","    bitwise: true,","    browser: true,","    maxerr: 8,","    maxlen: 96,","    node: true,","    nomen: true,","    regexp: true,","    stupid: true","*/","(function () {","    'use strict';","    var local;","","","","    // run shared js-env code - pre-init","    (function () {","        // init local","        local = {};","        // init modeJs","        local.modeJs = (function () {","            try {","                return typeof navigator.userAgent === 'string' &&","                    typeof document.querySelector('body') === 'object' &&","                    typeof XMLHttpRequest.prototype.open === 'function' &&","                    'browser';","            } catch (errorCaughtBrowser) {","                return module.exports &&","                    typeof process.versions.node === 'string' &&","                    typeof require('http').createServer === 'function' &&","                    'node';","            }","        }());","        // init global","        local.global = local.modeJs === 'browser'","            ? window","            : global;","        switch (local.modeJs) {","        // re-init local from window.local","        case 'browser':","            local = local.global.utility2.objectSetDefault(","                local.global.utility2_rollup || local.global.local,","                local.global.utility2","            );","            break;","        // re-init local from example.js","        case 'node':","            local = (local.global.utility2_rollup || require('utility2'))","                .requireExampleJsFromReadme();","            break;","        }","        // export local","        local.global.local = local;","    }());","","","","    // run shared js-env code - function","    (function () {","        return;","    }());","    switch (local.modeJs) {","","","","    // run browser js-env code - function","    case 'browser':","        break;","","","","    // run node js-env code - function","    case 'node':","        break;","    }","","","","    // run shared js-env code - post-init","    (function () {","        return;","    }());","    switch (local.modeJs) {","","","","    // run browser js-env code - post-init","    case 'browser':","        local.testCase_browser_nullCase = local.testCase_browser_nullCase || function (","            options,","            onError","        ) {","        /*","         * this function will test browsers's null-case handling-behavior-behavior","         */","            onError(null, options);","        };","","        // run tests","        local.nop(local.modeTest &&","            document.querySelector('#testRunButton1') &&","            document.querySelector('#testRunButton1').click());","        break;","","","","    // run node js-env code - post-init","    /* istanbul ignore next */","    case 'node':","        local.testCase_buildApidoc_default = local.testCase_buildApidoc_default || function (","            options,","            onError","        ) {","        /*","         * this function will test buildApidoc's default handling-behavior-behavior","         */","            options = { modulePathList: module.paths };","            local.buildApidoc(options, onError);","        };","","        local.testCase_buildApp_default = local.testCase_buildApp_default || function (","            options,","            onError","        ) {","        /*","         * this function will test buildApp's default handling-behavior-behavior","         */","            local.testCase_buildReadme_default(options, local.onErrorThrow);","            local.testCase_buildLib_default(options, local.onErrorThrow);","            local.testCase_buildTest_default(options, local.onErrorThrow);","            local.testCase_buildCustomOrg_default(options, local.onErrorThrow);","            options = [];","            local.buildApp(options, onError);","        };","","        local.testCase_buildCustomOrg_default = local.testCase_buildCustomOrg_default ||","            function (options, onError) {","            /*","             * this function will test buildCustomOrg's default handling-behavior","             */","                options = {};","                local.buildCustomOrg(options, onError);","            };","","        local.testCase_buildLib_default = local.testCase_buildLib_default || function (","            options,","            onError","        ) {","        /*","         * this function will test buildLib's default handling-behavior","         */","            options = {};","            local.buildLib(options, onError);","        };","","        local.testCase_buildReadme_default = local.testCase_buildReadme_default || function (","            options,","            onError","        ) {","        /*","         * this function will test buildReadme's default handling-behavior-behavior","         */","            options = {};","            local.buildReadme(options, onError);","        };","","        local.testCase_buildTest_default = local.testCase_buildTest_default || function (","            options,","            onError","        ) {","        /*","         * this function will test buildTest's default handling-behavior","         */","            options = {};","            local.buildTest(options, onError);","        };","","        local.testCase_webpage_default = local.testCase_webpage_default || function (","            options,","            onError","        ) {","        /*","         * this function will test webpage's default handling-behavior","         */","            options = { modeCoverageMerge: true, url: local.serverLocalHost + '?modeTest=1' };","            local.browserTest(options, onError);","        };","","        // run test-server","        local.testRunServer(local);","        break;","    }","}());",""],"l":{"12":2,"14":2,"19":2,"21":2,"23":2,"24":2,"25":2,"30":1,"37":2,"40":2,"43":1,"47":1,"50":1,"52":1,"55":2,"61":2,"62":2,"64":2,"70":1,"76":1,"82":2,"83":2,"85":2,"91":1,"98":1,"102":1,"105":1,"112":1,"119":1,"120":1,"123":1,"130":1,"131":1,"132":1,"133":1,"134":1,"135":1,"138":1,"143":2,"144":2,"147":1,"154":2,"155":2,"158":1,"165":2,"166":2,"169":1,"176":2,"177":2,"180":1,"187":1,"188":1,"192":1,"193":1}},"/home/travis/build/npmtest/node-npmtest-raspicam/lib.npmtest_raspicam.js":{"path":"/home/travis/build/npmtest/node-npmtest-raspicam/lib.npmtest_raspicam.js","s":{"1":2,"2":2,"3":2,"4":2,"5":2,"6":2,"7":2,"8":1,"9":2,"10":2,"11":2,"12":2,"13":1,"14":1,"15":1,"16":1},"b":{"1":[2,1,1,1],"2":[1,1,1,1],"3":[1,1],"4":[2,2],"5":[1,1]},"f":{"1":2,"2":2,"3":2},"fnMap":{"1":{"name":"(anonymous_1)","line":12,"loc":{"start":{"line":12,"column":1},"end":{"line":12,"column":13}}},"2":{"name":"(anonymous_2)","line":19,"loc":{"start":{"line":19,"column":5},"end":{"line":19,"column":17}}},"3":{"name":"(anonymous_3)","line":23,"loc":{"start":{"line":23,"column":24},"end":{"line":23,"column":36}}}},"statementMap":{"1":{"start":{"line":12,"column":0},"end":{"line":53,"column":5}},"2":{"start":{"line":14,"column":4},"end":{"line":14,"column":14}},"3":{"start":{"line":19,"column":4},"end":{"line":52,"column":9}},"4":{"start":{"line":21,"column":8},"end":{"line":21,"column":19}},"5":{"start":{"line":23,"column":8},"end":{"line":35,"column":13}},"6":{"start":{"line":24,"column":12},"end":{"line":34,"column":13}},"7":{"start":{"line":25,"column":16},"end":{"line":28,"column":30}},"8":{"start":{"line":30,"column":16},"end":{"line":33,"column":27}},"9":{"start":{"line":37,"column":8},"end":{"line":39,"column":21}},"10":{"start":{"line":41,"column":8},"end":{"line":41,"column":54}},"11":{"start":{"line":43,"column":8},"end":{"line":43,"column":53}},"12":{"start":{"line":45,"column":8},"end":{"line":51,"column":9}},"13":{"start":{"line":46,"column":12},"end":{"line":46,"column":59}},"14":{"start":{"line":48,"column":12},"end":{"line":48,"column":35}},"15":{"start":{"line":49,"column":12},"end":{"line":49,"column":49}},"16":{"start":{"line":50,"column":12},"end":{"line":50,"column":43}}},"branchMap":{"1":{"line":25,"type":"binary-expr","locations":[{"start":{"line":25,"column":23},"end":{"line":25,"column":62}},{"start":{"line":26,"column":20},"end":{"line":26,"column":70}},{"start":{"line":27,"column":20},"end":{"line":27,"column":71}},{"start":{"line":28,"column":20},"end":{"line":28,"column":29}}]},"2":{"line":30,"type":"binary-expr","locations":[{"start":{"line":30,"column":23},"end":{"line":30,"column":37}},{"start":{"line":31,"column":20},"end":{"line":31,"column":61}},{"start":{"line":32,"column":20},"end":{"line":32,"column":70}},{"start":{"line":33,"column":20},"end":{"line":33,"column":26}}]},"3":{"line":37,"type":"cond-expr","locations":[{"start":{"line":38,"column":14},"end":{"line":38,"column":20}},{"start":{"line":39,"column":14},"end":{"line":39,"column":20}}]},"4":{"line":41,"type":"binary-expr","locations":[{"start":{"line":41,"column":16},"end":{"line":41,"column":44}},{"start":{"line":41,"column":48},"end":{"line":41,"column":53}}]},"5":{"line":45,"type":"if","locations":[{"start":{"line":45,"column":8},"end":{"line":45,"column":8}},{"start":{"line":45,"column":8},"end":{"line":45,"column":8}}]}},"code":["/* istanbul instrument in package npmtest_raspicam */","/*jslint","    bitwise: true,","    browser: true,","    maxerr: 8,","    maxlen: 96,","    node: true,","    nomen: true,","    regexp: true,","    stupid: true","*/","(function () {","    'use strict';","    var local;","","","","    // run shared js-env code - pre-init","    (function () {","        // init local","        local = {};","        // init modeJs","        local.modeJs = (function () {","            try {","                return typeof navigator.userAgent === 'string' &&","                    typeof document.querySelector('body') === 'object' &&","                    typeof XMLHttpRequest.prototype.open === 'function' &&","                    'browser';","            } catch (errorCaughtBrowser) {","                return module.exports &&","                    typeof process.versions.node === 'string' &&","                    typeof require('http').createServer === 'function' &&","                    'node';","            }","        }());","        // init global","        local.global = local.modeJs === 'browser'","            ? window","            : global;","        // init utility2_rollup","        local = local.global.utility2_rollup || local;","        // init lib","        local.local = local.npmtest_raspicam = local;","        // init exports","        if (local.modeJs === 'browser') {","            local.global.utility2_npmtest_raspicam = local;","        } else {","            module.exports = local;","            module.exports.__dirname = __dirname;","            module.exports.module = module;","        }","    }());","}());",""],"l":{"12":2,"14":2,"19":2,"21":2,"23":2,"24":2,"25":2,"30":1,"37":2,"41":2,"43":2,"45":2,"46":1,"48":1,"49":1,"50":1}},"/home/travis/build/npmtest/node-npmtest-raspicam/example.js":{"path":"/home/travis/build/npmtest/node-npmtest-raspicam/example.js","s":{"1":2,"2":2,"3":2,"4":2,"5":2,"6":2,"7":2,"8":1,"9":2,"10":2,"11":2,"12":2,"13":1,"14":2,"15":2,"16":2,"17":2,"18":2,"19":0,"20":2,"21":1,"22":1,"23":1,"24":1,"25":1,"26":0,"27":0,"28":1,"29":1,"30":2,"31":0,"32":0,"33":0,"34":1,"35":2,"36":2,"37":3,"38":3,"39":3,"40":3,"41":0,"42":3,"43":3,"44":3,"45":1,"46":3,"47":1,"48":1,"49":1,"50":1,"51":1,"52":1,"53":1,"54":1,"55":1,"56":1,"57":0,"58":1,"59":6,"60":6,"61":1,"62":2,"63":0,"64":2,"65":1,"66":1,"67":0,"68":0,"69":0,"70":0,"71":0,"72":0,"73":0,"74":0,"75":0,"76":0,"77":0,"78":0,"79":0,"80":0,"81":0,"82":0,"83":0},"b":{"1":[2,1,1,1],"2":[1,1,1,1],"3":[1,1],"4":[2,2],"5":[1,1],"6":[1,1],"7":[2,0],"8":[2,1,1,1,1,1],"9":[0,2,0],"10":[1,1],"11":[2,1,1],"12":[1,0],"13":[0,2],"14":[2,0,0,0,0,0,0],"15":[0,3],"16":[3,0],"17":[1,1],"18":[0,1],"19":[1,2,0,2],"20":[1,0],"21":[1,1],"22":[0,0],"23":[0,0],"24":[0,0],"25":[0,0],"26":[0,0],"27":[0,0],"28":[0,0]},"f":{"1":2,"2":2,"3":2,"4":2,"5":2,"6":2,"7":3,"8":3,"9":3,"10":1,"11":6,"12":0},"fnMap":{"1":{"name":"(anonymous_1)","line":26,"loc":{"start":{"line":26,"column":1},"end":{"line":26,"column":13}}},"2":{"name":"(anonymous_2)","line":33,"loc":{"start":{"line":33,"column":5},"end":{"line":33,"column":17}}},"3":{"name":"(anonymous_3)","line":37,"loc":{"start":{"line":37,"column":24},"end":{"line":37,"column":36}}},"4":{"name":"(anonymous_4)","line":69,"loc":{"start":{"line":69,"column":31},"end":{"line":69,"column":48}},"skip":true},"5":{"name":"(anonymous_5)","line":78,"loc":{"start":{"line":78,"column":26},"end":{"line":78,"column":45}},"skip":true},"6":{"name":"(anonymous_6)","line":123,"loc":{"start":{"line":123,"column":33},"end":{"line":123,"column":48}},"skip":true},"7":{"name":"(anonymous_7)","line":125,"loc":{"start":{"line":125,"column":27},"end":{"line":125,"column":39}},"skip":true},"8":{"name":"(anonymous_8)","line":133,"loc":{"start":{"line":133,"column":59},"end":{"line":133,"column":74}},"skip":true},"9":{"name":"(anonymous_9)","line":143,"loc":{"start":{"line":143,"column":45},"end":{"line":143,"column":62}},"skip":true},"10":{"name":"(anonymous_10)","line":144,"loc":{"start":{"line":144,"column":73},"end":{"line":144,"column":92}},"skip":true},"11":{"name":"(anonymous_11)","line":272,"loc":{"start":{"line":272,"column":51},"end":{"line":272,"column":77}},"skip":true},"12":{"name":"(anonymous_12)","line":315,"loc":{"start":{"line":315,"column":32},"end":{"line":315,"column":61}},"skip":true}},"statementMap":{"1":{"start":{"line":26,"column":0},"end":{"line":326,"column":5}},"2":{"start":{"line":28,"column":4},"end":{"line":28,"column":14}},"3":{"start":{"line":33,"column":4},"end":{"line":60,"column":9}},"4":{"start":{"line":35,"column":8},"end":{"line":35,"column":19}},"5":{"start":{"line":37,"column":8},"end":{"line":49,"column":13}},"6":{"start":{"line":38,"column":12},"end":{"line":48,"column":13}},"7":{"start":{"line":39,"column":16},"end":{"line":42,"column":30}},"8":{"start":{"line":44,"column":16},"end":{"line":47,"column":27}},"9":{"start":{"line":51,"column":8},"end":{"line":53,"column":21}},"10":{"start":{"line":55,"column":8},"end":{"line":57,"column":45}},"11":{"start":{"line":59,"column":8},"end":{"line":59,"column":35}},"12":{"start":{"line":61,"column":4},"end":{"line":325,"column":5}},"13":{"start":{"line":69,"column":8},"end":{"line":121,"column":10},"skip":true},"14":{"start":{"line":70,"column":12},"end":{"line":88,"column":13},"skip":true},"15":{"start":{"line":76,"column":16},"end":{"line":87,"column":19},"skip":true},"16":{"start":{"line":79,"column":20},"end":{"line":86,"column":21},"skip":true},"17":{"start":{"line":82,"column":24},"end":{"line":82,"column":43},"skip":true},"18":{"start":{"line":83,"column":24},"end":{"line":83,"column":30},"skip":true},"19":{"start":{"line":85,"column":24},"end":{"line":85,"column":49},"skip":true},"20":{"start":{"line":89,"column":12},"end":{"line":107,"column":13},"skip":true},"21":{"start":{"line":92,"column":16},"end":{"line":102,"column":17},"skip":true},"22":{"start":{"line":93,"column":20},"end":{"line":93,"column":86},"skip":true},"23":{"start":{"line":94,"column":20},"end":{"line":95,"column":45},"skip":true},"24":{"start":{"line":96,"column":20},"end":{"line":96,"column":42},"skip":true},"25":{"start":{"line":97,"column":20},"end":{"line":97,"column":48},"skip":true},"26":{"start":{"line":100,"column":20},"end":{"line":100,"column":85},"skip":true},"27":{"start":{"line":101,"column":20},"end":{"line":101,"column":96},"skip":true},"28":{"start":{"line":103,"column":16},"end":{"line":103,"column":22},"skip":true},"29":{"start":{"line":106,"column":16},"end":{"line":106,"column":22},"skip":true},"30":{"start":{"line":108,"column":12},"end":{"line":120,"column":13},"skip":true},"31":{"start":{"line":114,"column":16},"end":{"line":119,"column":17},"skip":true},"32":{"start":{"line":116,"column":20},"end":{"line":116,"column":78},"skip":true},"33":{"start":{"line":118,"column":20},"end":{"line":118,"column":47},"skip":true},"34":{"start":{"line":123,"column":8},"end":{"line":141,"column":11},"skip":true},"35":{"start":{"line":124,"column":12},"end":{"line":124,"column":54},"skip":true},"36":{"start":{"line":125,"column":12},"end":{"line":140,"column":14},"skip":true},"37":{"start":{"line":126,"column":16},"end":{"line":126,"column":28},"skip":true},"38":{"start":{"line":127,"column":16},"end":{"line":127,"column":69},"skip":true},"39":{"start":{"line":128,"column":16},"end":{"line":128,"column":75},"skip":true},"40":{"start":{"line":129,"column":16},"end":{"line":131,"column":17},"skip":true},"41":{"start":{"line":130,"column":20},"end":{"line":130,"column":27},"skip":true},"42":{"start":{"line":133,"column":16},"end":{"line":137,"column":36},"skip":true},"43":{"start":{"line":134,"column":20},"end":{"line":136,"column":55},"skip":true},"44":{"start":{"line":139,"column":16},"end":{"line":139,"column":57},"skip":true},"45":{"start":{"line":143,"column":8},"end":{"line":147,"column":11},"skip":true},"46":{"start":{"line":144,"column":12},"end":{"line":146,"column":15},"skip":true},"47":{"start":{"line":145,"column":16},"end":{"line":145,"column":70},"skip":true},"48":{"start":{"line":149,"column":8},"end":{"line":149,"column":31},"skip":true},"49":{"start":{"line":150,"column":8},"end":{"line":150,"column":14},"skip":true},"50":{"start":{"line":158,"column":8},"end":{"line":158,"column":31},"skip":true},"51":{"start":{"line":160,"column":8},"end":{"line":160,"column":33},"skip":true},"52":{"start":{"line":161,"column":8},"end":{"line":161,"column":37},"skip":true},"53":{"start":{"line":162,"column":8},"end":{"line":162,"column":35},"skip":true},"54":{"start":{"line":164,"column":8},"end":{"line":164,"column":50},"skip":true},"55":{"start":{"line":166,"column":8},"end":{"line":256,"column":2},"skip":true},"56":{"start":{"line":258,"column":8},"end":{"line":286,"column":9},"skip":true},"57":{"start":{"line":259,"column":12},"end":{"line":269,"column":14},"skip":true},"58":{"start":{"line":271,"column":12},"end":{"line":285,"column":19},"skip":true},"59":{"start":{"line":274,"column":20},"end":{"line":274,"column":35},"skip":true},"60":{"start":{"line":275,"column":20},"end":{"line":284,"column":21},"skip":true},"61":{"start":{"line":277,"column":24},"end":{"line":277,"column":64},"skip":true},"62":{"start":{"line":279,"column":24},"end":{"line":279,"column":40},"skip":true},"63":{"start":{"line":281,"column":24},"end":{"line":281,"column":40},"skip":true},"64":{"start":{"line":283,"column":24},"end":{"line":283,"column":39},"skip":true},"65":{"start":{"line":288,"column":8},"end":{"line":290,"column":9},"skip":true},"66":{"start":{"line":289,"column":12},"end":{"line":289,"column":18},"skip":true},"67":{"start":{"line":291,"column":8},"end":{"line":293,"column":54},"skip":true},"68":{"start":{"line":296,"column":8},"end":{"line":301,"column":37},"skip":true},"69":{"start":{"line":303,"column":8},"end":{"line":303,"column":82},"skip":true},"70":{"start":{"line":306,"column":8},"end":{"line":308,"column":9},"skip":true},"71":{"start":{"line":307,"column":12},"end":{"line":307,"column":82},"skip":true},"72":{"start":{"line":310,"column":8},"end":{"line":312,"column":9},"skip":true},"73":{"start":{"line":311,"column":12},"end":{"line":311,"column":18},"skip":true},"74":{"start":{"line":313,"column":8},"end":{"line":313,"column":54},"skip":true},"75":{"start":{"line":314,"column":8},"end":{"line":314,"column":69},"skip":true},"76":{"start":{"line":315,"column":8},"end":{"line":323,"column":36},"skip":true},"77":{"start":{"line":316,"column":12},"end":{"line":316,"column":61},"skip":true},"78":{"start":{"line":317,"column":12},"end":{"line":320,"column":13},"skip":true},"79":{"start":{"line":318,"column":16},"end":{"line":318,"column":75},"skip":true},"80":{"start":{"line":319,"column":16},"end":{"line":319,"column":23},"skip":true},"81":{"start":{"line":321,"column":12},"end":{"line":321,"column":38},"skip":true},"82":{"start":{"line":322,"column":12},"end":{"line":322,"column":27},"skip":true},"83":{"start":{"line":324,"column":8},"end":{"line":324,"column":14},"skip":true}},"branchMap":{"1":{"line":39,"type":"binary-expr","locations":[{"start":{"line":39,"column":23},"end":{"line":39,"column":62}},{"start":{"line":40,"column":20},"end":{"line":40,"column":70}},{"start":{"line":41,"column":20},"end":{"line":41,"column":71}},{"start":{"line":42,"column":20},"end":{"line":42,"column":29}}]},"2":{"line":44,"type":"binary-expr","locations":[{"start":{"line":44,"column":23},"end":{"line":44,"column":37}},{"start":{"line":45,"column":20},"end":{"line":45,"column":61}},{"start":{"line":46,"column":20},"end":{"line":46,"column":70}},{"start":{"line":47,"column":20},"end":{"line":47,"column":26}}]},"3":{"line":51,"type":"cond-expr","locations":[{"start":{"line":52,"column":14},"end":{"line":52,"column":20}},{"start":{"line":53,"column":14},"end":{"line":53,"column":20}}]},"4":{"line":55,"type":"binary-expr","locations":[{"start":{"line":55,"column":16},"end":{"line":55,"column":44}},{"start":{"line":55,"column":49},"end":{"line":57,"column":43}}]},"5":{"line":55,"type":"cond-expr","locations":[{"start":{"line":56,"column":14},"end":{"line":56,"column":52}},{"start":{"line":57,"column":14},"end":{"line":57,"column":43}}]},"6":{"line":61,"type":"switch","locations":[{"start":{"line":68,"column":4},"end":{"line":150,"column":14},"skip":true},{"start":{"line":156,"column":4},"end":{"line":324,"column":14},"skip":true}]},"7":{"line":70,"type":"if","locations":[{"start":{"line":70,"column":12},"end":{"line":70,"column":12},"skip":true},{"start":{"line":70,"column":12},"end":{"line":70,"column":12},"skip":true}]},"8":{"line":70,"type":"binary-expr","locations":[{"start":{"line":70,"column":16},"end":{"line":70,"column":22},"skip":true},{"start":{"line":70,"column":27},"end":{"line":70,"column":32},"skip":true},{"start":{"line":71,"column":20},"end":{"line":71,"column":39},"skip":true},{"start":{"line":72,"column":20},"end":{"line":72,"column":49},"skip":true},{"start":{"line":73,"column":20},"end":{"line":73,"column":58},"skip":true},{"start":{"line":74,"column":20},"end":{"line":74,"column":69},"skip":true}]},"9":{"line":79,"type":"switch","locations":[{"start":{"line":80,"column":20},"end":{"line":80,"column":33},"skip":true},{"start":{"line":81,"column":20},"end":{"line":83,"column":30},"skip":true},{"start":{"line":84,"column":20},"end":{"line":85,"column":49},"skip":true}]},"10":{"line":89,"type":"switch","locations":[{"start":{"line":90,"column":12},"end":{"line":103,"column":22},"skip":true},{"start":{"line":105,"column":12},"end":{"line":106,"column":22},"skip":true}]},"11":{"line":89,"type":"binary-expr","locations":[{"start":{"line":89,"column":20},"end":{"line":89,"column":25},"skip":true},{"start":{"line":89,"column":29},"end":{"line":89,"column":48},"skip":true},{"start":{"line":89,"column":52},"end":{"line":89,"column":74},"skip":true}]},"12":{"line":92,"type":"if","locations":[{"start":{"line":92,"column":16},"end":{"line":92,"column":16},"skip":true},{"start":{"line":92,"column":16},"end":{"line":92,"column":16},"skip":true}]},"13":{"line":108,"type":"if","locations":[{"start":{"line":108,"column":12},"end":{"line":108,"column":12},"skip":true},{"start":{"line":108,"column":12},"end":{"line":108,"column":12},"skip":true}]},"14":{"line":108,"type":"binary-expr","locations":[{"start":{"line":108,"column":16},"end":{"line":108,"column":61},"skip":true},{"start":{"line":108,"column":66},"end":{"line":108,"column":72},"skip":true},{"start":{"line":108,"column":77},"end":{"line":108,"column":82},"skip":true},{"start":{"line":109,"column":20},"end":{"line":109,"column":39},"skip":true},{"start":{"line":110,"column":20},"end":{"line":110,"column":49},"skip":true},{"start":{"line":111,"column":20},"end":{"line":111,"column":58},"skip":true},{"start":{"line":112,"column":20},"end":{"line":112,"column":68},"skip":true}]},"15":{"line":129,"type":"if","locations":[{"start":{"line":129,"column":16},"end":{"line":129,"column":16},"skip":true},{"start":{"line":129,"column":16},"end":{"line":129,"column":16},"skip":true}]},"16":{"line":134,"type":"cond-expr","locations":[{"start":{"line":135,"column":26},"end":{"line":135,"column":29},"skip":true},{"start":{"line":136,"column":26},"end":{"line":136,"column":54},"skip":true}]},"17":{"line":164,"type":"binary-expr","locations":[{"start":{"line":164,"column":27},"end":{"line":164,"column":43},"skip":true},{"start":{"line":164,"column":47},"end":{"line":164,"column":49},"skip":true}]},"18":{"line":258,"type":"if","locations":[{"start":{"line":258,"column":8},"end":{"line":258,"column":8},"skip":true},{"start":{"line":258,"column":8},"end":{"line":258,"column":8},"skip":true}]},"19":{"line":275,"type":"switch","locations":[{"start":{"line":276,"column":20},"end":{"line":277,"column":64},"skip":true},{"start":{"line":278,"column":20},"end":{"line":279,"column":40},"skip":true},{"start":{"line":280,"column":20},"end":{"line":281,"column":40},"skip":true},{"start":{"line":282,"column":20},"end":{"line":283,"column":39},"skip":true}]},"20":{"line":288,"type":"if","locations":[{"start":{"line":288,"column":8},"end":{"line":288,"column":8},"skip":true},{"start":{"line":288,"column":8},"end":{"line":288,"column":8},"skip":true}]},"21":{"line":288,"type":"binary-expr","locations":[{"start":{"line":288,"column":12},"end":{"line":288,"column":40},"skip":true},{"start":{"line":288,"column":44},"end":{"line":288,"column":67},"skip":true}]},"22":{"line":292,"type":"binary-expr","locations":[{"start":{"line":292,"column":12},"end":{"line":292,"column":50},"skip":true},{"start":{"line":293,"column":12},"end":{"line":293,"column":53},"skip":true}]},"23":{"line":297,"type":"binary-expr","locations":[{"start":{"line":297,"column":12},"end":{"line":297,"column":66},"skip":true},{"start":{"line":298,"column":12},"end":{"line":301,"column":36},"skip":true}]},"24":{"line":303,"type":"binary-expr","locations":[{"start":{"line":303,"column":43},"end":{"line":303,"column":75},"skip":true},{"start":{"line":303,"column":79},"end":{"line":303,"column":81},"skip":true}]},"25":{"line":306,"type":"if","locations":[{"start":{"line":306,"column":8},"end":{"line":306,"column":8},"skip":true},{"start":{"line":306,"column":8},"end":{"line":306,"column":8},"skip":true}]},"26":{"line":310,"type":"if","locations":[{"start":{"line":310,"column":8},"end":{"line":310,"column":8},"skip":true},{"start":{"line":310,"column":8},"end":{"line":310,"column":8},"skip":true}]},"27":{"line":313,"type":"binary-expr","locations":[{"start":{"line":313,"column":27},"end":{"line":313,"column":43},"skip":true},{"start":{"line":313,"column":47},"end":{"line":313,"column":53},"skip":true}]},"28":{"line":317,"type":"if","locations":[{"start":{"line":317,"column":12},"end":{"line":317,"column":12},"skip":true},{"start":{"line":317,"column":12},"end":{"line":317,"column":12},"skip":true}]}},"code":["/*","example.js","","quickstart example","","instruction","    1. save this script as example.js","    2. run the shell command:","        $ npm install npmtest-raspicam && PORT=8081 node example.js","    3. play with the browser-demo on http://127.0.0.1:8081","*/","","","","/* istanbul instrument in package npmtest_raspicam */","/*jslint","    bitwise: true,","    browser: true,","    maxerr: 8,","    maxlen: 96,","    node: true,","    nomen: true,","    regexp: true,","    stupid: true","*/","(function () {","    'use strict';","    var local;","","","","    // run shared js-env code - pre-init","    (function () {","        // init local","        local = {};","        // init modeJs","        local.modeJs = (function () {","            try {","                return typeof navigator.userAgent === 'string' &&","                    typeof document.querySelector('body') === 'object' &&","                    typeof XMLHttpRequest.prototype.open === 'function' &&","                    'browser';","            } catch (errorCaughtBrowser) {","                return module.exports &&","                    typeof process.versions.node === 'string' &&","                    typeof require('http').createServer === 'function' &&","                    'node';","            }","        }());","        // init global","        local.global = local.modeJs === 'browser'","            ? window","            : global;","        // init utility2_rollup","        local = local.global.utility2_rollup || (local.modeJs === 'browser'","            ? local.global.utility2_npmtest_raspicam","            : global.utility2_moduleExports);","        // export local","        local.global.local = local;","    }());","    switch (local.modeJs) {","","","","    // post-init","    // run browser js-env code - post-init","    /* istanbul ignore next */","    case 'browser':","        local.testRunBrowser = function (event) {","            if (!event || (event &&","                    event.currentTarget &&","                    event.currentTarget.className &&","                    event.currentTarget.className.includes &&","                    event.currentTarget.className.includes('onreset'))) {","                // reset output","                Array.from(","                    document.querySelectorAll('body > .resettable')","                ).forEach(function (element) {","                    switch (element.tagName) {","                    case 'INPUT':","                    case 'TEXTAREA':","                        element.value = '';","                        break;","                    default:","                        element.textContent = '';","                    }","                });","            }","            switch (event && event.currentTarget && event.currentTarget.id) {","            case 'testRunButton1':","                // show tests","                if (document.querySelector('#testReportDiv1').style.display === 'none') {","                    document.querySelector('#testReportDiv1').style.display = 'block';","                    document.querySelector('#testRunButton1').textContent =","                        'hide internal test';","                    local.modeTest = true;","                    local.testRunDefault(local);","                // hide tests","                } else {","                    document.querySelector('#testReportDiv1').style.display = 'none';","                    document.querySelector('#testRunButton1').textContent = 'run internal test';","                }","                break;","            // custom-case","            default:","                break;","            }","            if (document.querySelector('#inputTextareaEval1') && (!event || (event &&","                    event.currentTarget &&","                    event.currentTarget.className &&","                    event.currentTarget.className.includes &&","                    event.currentTarget.className.includes('oneval')))) {","                // try to eval input-code","                try {","                    /*jslint evil: true*/","                    eval(document.querySelector('#inputTextareaEval1').value);","                } catch (errorCaught) {","                    console.error(errorCaught);","                }","            }","        };","        // log stderr and stdout to #outputTextareaStdout1","        ['error', 'log'].forEach(function (key) {","            console[key + '_original'] = console[key];","            console[key] = function () {","                var element;","                console[key + '_original'].apply(console, arguments);","                element = document.querySelector('#outputTextareaStdout1');","                if (!element) {","                    return;","                }","                // append text to #outputTextareaStdout1","                element.value += Array.from(arguments).map(function (arg) {","                    return typeof arg === 'string'","                        ? arg","                        : JSON.stringify(arg, null, 4);","                }).join(' ') + '\\n';","                // scroll textarea to bottom","                element.scrollTop = element.scrollHeight;","            };","        });","        // init event-handling","        ['change', 'click', 'keyup'].forEach(function (event) {","            Array.from(document.querySelectorAll('.on' + event)).forEach(function (element) {","                element.addEventListener(event, local.testRunBrowser);","            });","        });","        // run tests","        local.testRunBrowser();","        break;","","","","    // run node js-env code - post-init","    /* istanbul ignore next */","    case 'node':","        // export local","        module.exports = local;","        // require modules","        local.fs = require('fs');","        local.http = require('http');","        local.url = require('url');","        // init assets","        local.assetsDict = local.assetsDict || {};","        /* jslint-ignore-begin */","        local.assetsDict['/assets.index.template.html'] = '\\","<!doctype html>\\n\\","<html lang=\"en\">\\n\\","<head>\\n\\","<meta charset=\"UTF-8\">\\n\\","<meta name=\"viewport\" content=\"width=device-width, initial-scale=1\">\\n\\","<title>{{env.npm_package_name}} (v{{env.npm_package_version}})</title>\\n\\","<style>\\n\\","/*csslint\\n\\","    box-sizing: false,\\n\\","    universal-selector: false\\n\\","*/\\n\\","* {\\n\\","    box-sizing: border-box;\\n\\","}\\n\\","body {\\n\\","    background: #dde;\\n\\","    font-family: Arial, Helvetica, sans-serif;\\n\\","    margin: 2rem;\\n\\","}\\n\\","body > * {\\n\\","    margin-bottom: 1rem;\\n\\","}\\n\\",".utility2FooterDiv {\\n\\","    margin-top: 20px;\\n\\","    text-align: center;\\n\\","}\\n\\","</style>\\n\\","<style>\\n\\","/*csslint\\n\\","*/\\n\\","textarea {\\n\\","    font-family: monospace;\\n\\","    height: 10rem;\\n\\","    width: 100%;\\n\\","}\\n\\","textarea[readonly] {\\n\\","    background: #ddd;\\n\\","}\\n\\","</style>\\n\\","</head>\\n\\","<body>\\n\\","<!-- utility2-comment\\n\\","<div id=\"ajaxProgressDiv1\" style=\"background: #d00; height: 2px; left: 0; margin: 0; padding: 0; position: fixed; top: 0; transition: background 0.5s, width 1.5s; width: 25%;\"></div>\\n\\","utility2-comment -->\\n\\","<h1>\\n\\","<!-- utility2-comment\\n\\","    <a\\n\\","        {{#if env.npm_package_homepage}}\\n\\","        href=\"{{env.npm_package_homepage}}\"\\n\\","        {{/if env.npm_package_homepage}}\\n\\","        target=\"_blank\"\\n\\","    >\\n\\","utility2-comment -->\\n\\","        {{env.npm_package_name}} (v{{env.npm_package_version}})\\n\\","<!-- utility2-comment\\n\\","    </a>\\n\\","utility2-comment -->\\n\\","</h1>\\n\\","<h3>{{env.npm_package_description}}</h3>\\n\\","<!-- utility2-comment\\n\\","<h4><a download href=\"assets.app.js\">download standalone app</a></h4>\\n\\","<button class=\"onclick onreset\" id=\"testRunButton1\">run internal test</button><br>\\n\\","<div id=\"testReportDiv1\" style=\"display: none;\"></div>\\n\\","utility2-comment -->\\n\\","\\n\\","\\n\\","\\n\\","<label>stderr and stdout</label>\\n\\","<textarea class=\"resettable\" id=\"outputTextareaStdout1\" readonly></textarea>\\n\\","<!-- utility2-comment\\n\\","{{#if isRollup}}\\n\\","<script src=\"assets.app.js\"></script>\\n\\","{{#unless isRollup}}\\n\\","utility2-comment -->\\n\\","<script src=\"assets.utility2.rollup.js\"></script>\\n\\","<script src=\"jsonp.utility2._stateInit?callback=window.utility2._stateInit\"></script>\\n\\","<script src=\"assets.npmtest_raspicam.rollup.js\"></script>\\n\\","<script src=\"assets.example.js\"></script>\\n\\","<script src=\"assets.test.js\"></script>\\n\\","<!-- utility2-comment\\n\\","{{/if isRollup}}\\n\\","utility2-comment -->\\n\\","<div class=\"utility2FooterDiv\">\\n\\","    [ this app was created with\\n\\","    <a href=\"https://github.com/kaizhu256/node-utility2\" target=\"_blank\">utility2</a>\\n\\","    ]\\n\\","</div>\\n\\","</body>\\n\\","</html>\\n\\","';","        /* jslint-ignore-end */","        if (local.templateRender) {","            local.assetsDict['/'] = local.templateRender(","                local.assetsDict['/assets.index.template.html'],","                {","                    env: local.objectSetDefault(local.env, {","                        npm_package_description: 'the greatest app in the world!',","                        npm_package_name: 'my-app',","                        npm_package_nameAlias: 'my_app',","                        npm_package_version: '0.0.1'","                    })","                }","            );","        } else {","            local.assetsDict['/'] = local.assetsDict['/assets.index.template.html']","                .replace((/\\{\\{env\\.(\\w+?)\\}\\}/g), function (match0, match1) {","                    // jslint-hack","                    String(match0);","                    switch (match1) {","                    case 'npm_package_description':","                        return 'the greatest app in the world!';","                    case 'npm_package_name':","                        return 'my-app';","                    case 'npm_package_nameAlias':","                        return 'my_app';","                    case 'npm_package_version':","                        return '0.0.1';","                    }","                });","        }","        // run the cli","        if (local.global.utility2_rollup || module !== require.main) {","            break;","        }","        local.assetsDict['/assets.example.js'] =","            local.assetsDict['/assets.example.js'] ||","            local.fs.readFileSync(__filename, 'utf8');","        // bug-workaround - long $npm_package_buildCustomOrg","        /* jslint-ignore-begin */","        local.assetsDict['/assets.npmtest_raspicam.rollup.js'] =","            local.assetsDict['/assets.npmtest_raspicam.rollup.js'] ||","            local.fs.readFileSync(","                local.npmtest_raspicam.__dirname + '/lib.npmtest_raspicam.js',","                'utf8'","            ).replace((/^#!/), '//');","        /* jslint-ignore-end */","        local.assetsDict['/favicon.ico'] = local.assetsDict['/favicon.ico'] || '';","        // if $npm_config_timeout_exit exists,","        // then exit this process after $npm_config_timeout_exit ms","        if (Number(process.env.npm_config_timeout_exit)) {","            setTimeout(process.exit, Number(process.env.npm_config_timeout_exit));","        }","        // start server","        if (local.global.utility2_serverHttp1) {","            break;","        }","        process.env.PORT = process.env.PORT || '8081';","        console.error('server starting on port ' + process.env.PORT);","        local.http.createServer(function (request, response) {","            request.urlParsed = local.url.parse(request.url);","            if (local.assetsDict[request.urlParsed.pathname] !== undefined) {","                response.end(local.assetsDict[request.urlParsed.pathname]);","                return;","            }","            response.statusCode = 404;","            response.end();","        }).listen(process.env.PORT);","        break;","    }","}());",""],"l":{"26":2,"28":2,"33":2,"35":2,"37":2,"38":2,"39":2,"44":1,"51":2,"55":2,"59":2,"61":2,"69":1,"70":2,"76":2,"79":2,"82":2,"83":2,"85":1,"89":2,"92":1,"93":1,"94":1,"96":1,"97":1,"100":1,"101":1,"103":1,"106":1,"108":2,"114":1,"116":1,"118":1,"123":1,"124":2,"125":2,"126":3,"127":3,"128":3,"129":3,"130":1,"133":3,"134":3,"139":3,"143":1,"144":3,"145":1,"149":1,"150":1,"158":1,"160":1,"161":1,"162":1,"164":1,"166":1,"258":1,"259":1,"271":1,"274":6,"275":6,"277":1,"279":2,"281":1,"283":2,"288":1,"289":1,"291":1,"296":1,"303":1,"306":1,"307":1,"310":1,"311":1,"313":1,"314":1,"315":1,"316":1,"317":1,"318":1,"319":1,"321":1,"322":1,"324":1}},"/home/travis/build/npmtest/node-npmtest-raspicam/node_modules/raspicam/lib/raspicam.js":{"path":"/home/travis/build/npmtest/node-npmtest-raspicam/node_modules/raspicam/lib/raspicam.js","s":{"1":1,"2":1,"3":1,"4":1,"5":1,"6":1,"7":1,"8":1,"9":0,"10":0,"11":1,"12":3,"13":0,"14":3,"15":3,"16":0,"17":0,"18":3,"19":3,"20":3,"21":3,"22":3,"23":3,"24":3,"25":3,"26":1,"27":1,"28":3,"29":13,"30":0,"31":0,"32":0,"33":0,"34":0,"35":0,"36":1,"37":3,"38":3,"39":3,"40":3,"41":3,"42":1,"43":3,"44":3,"45":1,"46":3,"47":0,"48":0,"49":1,"50":1,"51":1,"52":0,"53":1,"54":0,"55":0,"56":0,"57":0,"58":0,"59":1,"60":3,"61":2,"62":1,"63":1,"64":1,"65":6,"66":5,"67":5,"68":5,"69":1,"70":1,"71":1,"72":1,"73":0,"74":0,"75":0,"76":0,"77":0,"78":0,"79":0,"80":0,"81":0,"82":0,"83":0,"84":1,"85":1,"86":1,"87":1,"88":1,"89":1,"90":1,"91":1,"92":1,"93":0,"94":0,"95":0,"96":0,"97":0,"98":0,"99":0,"100":0,"101":0,"102":0,"103":1,"104":1,"105":1,"106":1,"107":0,"108":0,"109":1,"110":0,"111":0,"112":1,"113":0,"114":0,"115":0,"116":0,"117":0,"118":1,"119":0,"120":1,"121":0,"122":0,"123":0,"124":1},"b":{"1":[0,0],"2":[0,3],"3":[3,0],"4":[0,3],"5":[3,3],"6":[0,13],"7":[0,0],"8":[0,0],"9":[3,0],"10":[3,3],"11":[3,3],"12":[3,0],"13":[3,0],"14":[0,3],"15":[0,1],"16":[0,0],"17":[2,1],"18":[5,1],"19":[5,0],"20":[5,5],"21":[1,0,0,0],"22":[0,0],"23":[0,0],"24":[0,0],"25":[0,0],"26":[0,0]},"f":{"1":0,"2":3,"3":3,"4":3,"5":3,"6":3,"7":1,"8":0,"9":3,"10":0,"11":1,"12":0,"13":0,"14":0,"15":0,"16":0},"fnMap":{"1":{"name":"(anonymous_1)","line":28,"loc":{"start":{"line":28,"column":19},"end":{"line":28,"column":30}}},"2":{"name":"RaspiCam","line":43,"loc":{"start":{"line":43,"column":0},"end":{"line":43,"column":26}}},"3":{"name":"(anonymous_3)","line":95,"loc":{"start":{"line":95,"column":30},"end":{"line":95,"column":44}}},"4":{"name":"(anonymous_4)","line":126,"loc":{"start":{"line":126,"column":33},"end":{"line":126,"column":43}}},"5":{"name":"(anonymous_5)","line":150,"loc":{"start":{"line":150,"column":36},"end":{"line":150,"column":46}}},"6":{"name":"(anonymous_6)","line":165,"loc":{"start":{"line":165,"column":36},"end":{"line":165,"column":46}}},"7":{"name":"(anonymous_7)","line":176,"loc":{"start":{"line":176,"column":36},"end":{"line":176,"column":48}}},"8":{"name":"(anonymous_8)","line":186,"loc":{"start":{"line":186,"column":41},"end":{"line":186,"column":66}}},"9":{"name":"(anonymous_9)","line":203,"loc":{"start":{"line":203,"column":27},"end":{"line":203,"column":39}}},"10":{"name":"(anonymous_10)","line":270,"loc":{"start":{"line":270,"column":26},"end":{"line":270,"column":38}}},"11":{"name":"(anonymous_11)","line":299,"loc":{"start":{"line":299,"column":46},"end":{"line":299,"column":56}}},"12":{"name":"(anonymous_12)","line":303,"loc":{"start":{"line":303,"column":39},"end":{"line":303,"column":55}}},"13":{"name":"(anonymous_13)","line":308,"loc":{"start":{"line":308,"column":39},"end":{"line":308,"column":55}}},"14":{"name":"(anonymous_14)","line":313,"loc":{"start":{"line":313,"column":33},"end":{"line":313,"column":49}}},"15":{"name":"(anonymous_15)","line":331,"loc":{"start":{"line":331,"column":25},"end":{"line":331,"column":38}}},"16":{"name":"(anonymous_16)","line":341,"loc":{"start":{"line":341,"column":25},"end":{"line":341,"column":45}}}},"statementMap":{"1":{"start":{"line":1,"column":0},"end":{"line":8,"column":40}},"2":{"start":{"line":12,"column":0},"end":{"line":12,"column":28}},"3":{"start":{"line":15,"column":0},"end":{"line":15,"column":33}},"4":{"start":{"line":18,"column":0},"end":{"line":18,"column":41}},"5":{"start":{"line":19,"column":0},"end":{"line":19,"column":45}},"6":{"start":{"line":20,"column":0},"end":{"line":20,"column":39}},"7":{"start":{"line":23,"column":0},"end":{"line":23,"column":25}},"8":{"start":{"line":28,"column":0},"end":{"line":32,"column":3}},"9":{"start":{"line":29,"column":2},"end":{"line":31,"column":3}},"10":{"start":{"line":30,"column":4},"end":{"line":30,"column":25}},"11":{"start":{"line":43,"column":0},"end":{"line":82,"column":1}},"12":{"start":{"line":45,"column":2},"end":{"line":47,"column":3}},"13":{"start":{"line":46,"column":4},"end":{"line":46,"column":32}},"14":{"start":{"line":50,"column":2},"end":{"line":50,"column":20}},"15":{"start":{"line":52,"column":2},"end":{"line":55,"column":3}},"16":{"start":{"line":53,"column":4},"end":{"line":53,"column":64}},"17":{"start":{"line":54,"column":4},"end":{"line":54,"column":17}},"18":{"start":{"line":59,"column":2},"end":{"line":59,"column":17}},"19":{"start":{"line":60,"column":2},"end":{"line":60,"column":30}},"20":{"start":{"line":64,"column":2},"end":{"line":64,"column":24}},"21":{"start":{"line":67,"column":2},"end":{"line":67,"column":22}},"22":{"start":{"line":70,"column":2},"end":{"line":70,"column":25}},"23":{"start":{"line":73,"column":2},"end":{"line":73,"column":25}},"24":{"start":{"line":76,"column":2},"end":{"line":76,"column":28}},"25":{"start":{"line":79,"column":2},"end":{"line":79,"column":22}},"26":{"start":{"line":85,"column":0},"end":{"line":85,"column":47}},"27":{"start":{"line":95,"column":0},"end":{"line":116,"column":2}},"28":{"start":{"line":96,"column":2},"end":{"line":115,"column":3}},"29":{"start":{"line":97,"column":4},"end":{"line":114,"column":5}},"30":{"start":{"line":100,"column":6},"end":{"line":105,"column":7}},"31":{"start":{"line":103,"column":8},"end":{"line":103,"column":47}},"32":{"start":{"line":104,"column":8},"end":{"line":104,"column":30}},"33":{"start":{"line":108,"column":6},"end":{"line":113,"column":7}},"34":{"start":{"line":111,"column":8},"end":{"line":111,"column":42}},"35":{"start":{"line":112,"column":8},"end":{"line":112,"column":30}},"36":{"start":{"line":126,"column":0},"end":{"line":140,"column":2}},"37":{"start":{"line":128,"column":2},"end":{"line":128,"column":45}},"38":{"start":{"line":130,"column":2},"end":{"line":130,"column":43}},"39":{"start":{"line":131,"column":2},"end":{"line":131,"column":45}},"40":{"start":{"line":136,"column":2},"end":{"line":138,"column":3}},"41":{"start":{"line":137,"column":4},"end":{"line":137,"column":67}},"42":{"start":{"line":150,"column":0},"end":{"line":155,"column":2}},"43":{"start":{"line":152,"column":2},"end":{"line":152,"column":83}},"44":{"start":{"line":154,"column":2},"end":{"line":154,"column":93}},"45":{"start":{"line":165,"column":0},"end":{"line":172,"column":2}},"46":{"start":{"line":166,"column":2},"end":{"line":171,"column":3}},"47":{"start":{"line":167,"column":4},"end":{"line":167,"column":34}},"48":{"start":{"line":170,"column":4},"end":{"line":170,"column":40}},"49":{"start":{"line":176,"column":0},"end":{"line":196,"column":2}},"50":{"start":{"line":178,"column":2},"end":{"line":178,"column":18}},"51":{"start":{"line":181,"column":2},"end":{"line":183,"column":3}},"52":{"start":{"line":182,"column":4},"end":{"line":182,"column":25}},"53":{"start":{"line":186,"column":2},"end":{"line":195,"column":5}},"54":{"start":{"line":188,"column":4},"end":{"line":194,"column":5}},"55":{"start":{"line":189,"column":6},"end":{"line":189,"column":55}},"56":{"start":{"line":190,"column":6},"end":{"line":190,"column":64}},"57":{"start":{"line":192,"column":6},"end":{"line":192,"column":55}},"58":{"start":{"line":193,"column":6},"end":{"line":193,"column":63}},"59":{"start":{"line":203,"column":0},"end":{"line":266,"column":2}},"60":{"start":{"line":205,"column":2},"end":{"line":207,"column":3}},"61":{"start":{"line":206,"column":4},"end":{"line":206,"column":17}},"62":{"start":{"line":209,"column":2},"end":{"line":209,"column":24}},"63":{"start":{"line":212,"column":2},"end":{"line":212,"column":16}},"64":{"start":{"line":214,"column":2},"end":{"line":222,"column":3}},"65":{"start":{"line":215,"column":4},"end":{"line":221,"column":5}},"66":{"start":{"line":216,"column":6},"end":{"line":216,"column":28}},"67":{"start":{"line":218,"column":6},"end":{"line":220,"column":7}},"68":{"start":{"line":219,"column":8},"end":{"line":219,"column":45}},"69":{"start":{"line":224,"column":2},"end":{"line":224,"column":10}},"70":{"start":{"line":226,"column":2},"end":{"line":249,"column":3}},"71":{"start":{"line":228,"column":6},"end":{"line":228,"column":22}},"72":{"start":{"line":229,"column":6},"end":{"line":229,"column":12}},"73":{"start":{"line":231,"column":6},"end":{"line":231,"column":26}},"74":{"start":{"line":234,"column":6},"end":{"line":237,"column":7}},"75":{"start":{"line":235,"column":8},"end":{"line":235,"column":100}},"76":{"start":{"line":236,"column":8},"end":{"line":236,"column":21}},"77":{"start":{"line":239,"column":6},"end":{"line":241,"column":7}},"78":{"start":{"line":240,"column":8},"end":{"line":240,"column":40}},"79":{"start":{"line":242,"column":6},"end":{"line":242,"column":12}},"80":{"start":{"line":244,"column":6},"end":{"line":244,"column":22}},"81":{"start":{"line":245,"column":6},"end":{"line":245,"column":12}},"82":{"start":{"line":247,"column":6},"end":{"line":247,"column":97}},"83":{"start":{"line":248,"column":6},"end":{"line":248,"column":19}},"84":{"start":{"line":252,"column":2},"end":{"line":252,"column":29}},"85":{"start":{"line":253,"column":2},"end":{"line":253,"column":42}},"86":{"start":{"line":254,"column":2},"end":{"line":254,"column":40}},"87":{"start":{"line":255,"column":2},"end":{"line":255,"column":37}},"88":{"start":{"line":256,"column":2},"end":{"line":256,"column":30}},"89":{"start":{"line":259,"column":2},"end":{"line":259,"column":34}},"90":{"start":{"line":261,"column":2},"end":{"line":261,"column":50}},"91":{"start":{"line":264,"column":2},"end":{"line":264,"column":14}},"92":{"start":{"line":270,"column":0},"end":{"line":288,"column":2}},"93":{"start":{"line":273,"column":2},"end":{"line":275,"column":3}},"94":{"start":{"line":274,"column":4},"end":{"line":274,"column":25}},"95":{"start":{"line":277,"column":2},"end":{"line":287,"column":3}},"96":{"start":{"line":278,"column":4},"end":{"line":278,"column":30}},"97":{"start":{"line":279,"column":4},"end":{"line":279,"column":25}},"98":{"start":{"line":280,"column":4},"end":{"line":280,"column":33}},"99":{"start":{"line":282,"column":4},"end":{"line":282,"column":51}},"100":{"start":{"line":283,"column":4},"end":{"line":283,"column":16}},"101":{"start":{"line":285,"column":4},"end":{"line":285,"column":77}},"102":{"start":{"line":286,"column":4},"end":{"line":286,"column":17}},"103":{"start":{"line":299,"column":0},"end":{"line":323,"column":2}},"104":{"start":{"line":300,"column":2},"end":{"line":300,"column":18}},"105":{"start":{"line":301,"column":2},"end":{"line":301,"column":17}},"106":{"start":{"line":303,"column":2},"end":{"line":306,"column":5}},"107":{"start":{"line":304,"column":4},"end":{"line":304,"column":35}},"108":{"start":{"line":305,"column":4},"end":{"line":305,"column":16}},"109":{"start":{"line":308,"column":2},"end":{"line":311,"column":5}},"110":{"start":{"line":309,"column":4},"end":{"line":309,"column":35}},"111":{"start":{"line":310,"column":4},"end":{"line":310,"column":16}},"112":{"start":{"line":313,"column":2},"end":{"line":321,"column":5}},"113":{"start":{"line":315,"column":4},"end":{"line":315,"column":46}},"114":{"start":{"line":317,"column":4},"end":{"line":317,"column":33}},"115":{"start":{"line":318,"column":4},"end":{"line":318,"column":30}},"116":{"start":{"line":319,"column":4},"end":{"line":319,"column":25}},"117":{"start":{"line":320,"column":4},"end":{"line":320,"column":24}},"118":{"start":{"line":331,"column":0},"end":{"line":333,"column":2}},"119":{"start":{"line":332,"column":2},"end":{"line":332,"column":24}},"120":{"start":{"line":341,"column":0},"end":{"line":347,"column":2}},"121":{"start":{"line":342,"column":2},"end":{"line":342,"column":25}},"122":{"start":{"line":343,"column":2},"end":{"line":346,"column":3}},"123":{"start":{"line":345,"column":4},"end":{"line":345,"column":26}},"124":{"start":{"line":349,"column":0},"end":{"line":349,"column":26}}},"branchMap":{"1":{"line":29,"type":"if","locations":[{"start":{"line":29,"column":2},"end":{"line":29,"column":2}},{"start":{"line":29,"column":2},"end":{"line":29,"column":2}}]},"2":{"line":45,"type":"if","locations":[{"start":{"line":45,"column":2},"end":{"line":45,"column":2}},{"start":{"line":45,"column":2},"end":{"line":45,"column":2}}]},"3":{"line":50,"type":"binary-expr","locations":[{"start":{"line":50,"column":9},"end":{"line":50,"column":13}},{"start":{"line":50,"column":17},"end":{"line":50,"column":19}}]},"4":{"line":52,"type":"if","locations":[{"start":{"line":52,"column":2},"end":{"line":52,"column":2}},{"start":{"line":52,"column":2},"end":{"line":52,"column":2}}]},"5":{"line":52,"type":"binary-expr","locations":[{"start":{"line":52,"column":5},"end":{"line":52,"column":37}},{"start":{"line":52,"column":41},"end":{"line":52,"column":75}}]},"6":{"line":97,"type":"if","locations":[{"start":{"line":97,"column":4},"end":{"line":97,"column":4}},{"start":{"line":97,"column":4},"end":{"line":97,"column":4}}]},"7":{"line":100,"type":"if","locations":[{"start":{"line":100,"column":6},"end":{"line":100,"column":6}},{"start":{"line":100,"column":6},"end":{"line":100,"column":6}}]},"8":{"line":108,"type":"if","locations":[{"start":{"line":108,"column":6},"end":{"line":108,"column":6}},{"start":{"line":108,"column":6},"end":{"line":108,"column":6}}]},"9":{"line":128,"type":"binary-expr","locations":[{"start":{"line":128,"column":19},"end":{"line":128,"column":33}},{"start":{"line":128,"column":37},"end":{"line":128,"column":44}}]},"10":{"line":130,"type":"binary-expr","locations":[{"start":{"line":130,"column":20},"end":{"line":130,"column":35}},{"start":{"line":130,"column":39},"end":{"line":130,"column":42}}]},"11":{"line":131,"type":"binary-expr","locations":[{"start":{"line":131,"column":21},"end":{"line":131,"column":37}},{"start":{"line":131,"column":41},"end":{"line":131,"column":44}}]},"12":{"line":136,"type":"if","locations":[{"start":{"line":136,"column":2},"end":{"line":136,"column":2}},{"start":{"line":136,"column":2},"end":{"line":136,"column":2}}]},"13":{"line":154,"type":"binary-expr","locations":[{"start":{"line":154,"column":18},"end":{"line":154,"column":84}},{"start":{"line":154,"column":88},"end":{"line":154,"column":92}}]},"14":{"line":166,"type":"if","locations":[{"start":{"line":166,"column":2},"end":{"line":166,"column":2}},{"start":{"line":166,"column":2},"end":{"line":166,"column":2}}]},"15":{"line":181,"type":"if","locations":[{"start":{"line":181,"column":2},"end":{"line":181,"column":2}},{"start":{"line":181,"column":2},"end":{"line":181,"column":2}}]},"16":{"line":188,"type":"if","locations":[{"start":{"line":188,"column":4},"end":{"line":188,"column":4}},{"start":{"line":188,"column":4},"end":{"line":188,"column":4}}]},"17":{"line":205,"type":"if","locations":[{"start":{"line":205,"column":2},"end":{"line":205,"column":2}},{"start":{"line":205,"column":2},"end":{"line":205,"column":2}}]},"18":{"line":215,"type":"if","locations":[{"start":{"line":215,"column":4},"end":{"line":215,"column":4}},{"start":{"line":215,"column":4},"end":{"line":215,"column":4}}]},"19":{"line":218,"type":"if","locations":[{"start":{"line":218,"column":6},"end":{"line":218,"column":6}},{"start":{"line":218,"column":6},"end":{"line":218,"column":6}}]},"20":{"line":218,"type":"binary-expr","locations":[{"start":{"line":218,"column":10},"end":{"line":218,"column":45}},{"start":{"line":218,"column":49},"end":{"line":218,"column":85}}]},"21":{"line":226,"type":"switch","locations":[{"start":{"line":227,"column":4},"end":{"line":229,"column":12}},{"start":{"line":230,"column":4},"end":{"line":242,"column":12}},{"start":{"line":243,"column":4},"end":{"line":245,"column":12}},{"start":{"line":246,"column":4},"end":{"line":248,"column":19}}]},"22":{"line":234,"type":"if","locations":[{"start":{"line":234,"column":6},"end":{"line":234,"column":6}},{"start":{"line":234,"column":6},"end":{"line":234,"column":6}}]},"23":{"line":239,"type":"if","locations":[{"start":{"line":239,"column":6},"end":{"line":239,"column":6}},{"start":{"line":239,"column":6},"end":{"line":239,"column":6}}]},"24":{"line":273,"type":"if","locations":[{"start":{"line":273,"column":2},"end":{"line":273,"column":2}},{"start":{"line":273,"column":2},"end":{"line":273,"column":2}}]},"25":{"line":277,"type":"if","locations":[{"start":{"line":277,"column":2},"end":{"line":277,"column":2}},{"start":{"line":277,"column":2},"end":{"line":277,"column":2}}]},"26":{"line":343,"type":"if","locations":[{"start":{"line":343,"column":2},"end":{"line":343,"column":2}},{"start":{"line":343,"column":2},"end":{"line":343,"column":2}}]}},"code":["var events = require('events'),","    spawn = require(\"child_process\").spawn,","    util = require(\"util\"),","    fs = require(\"fs\"),","    _ = require(\"lodash\"),","    __ = require(\"../lib/fn.js\"),","    parameters = require(\"../options\").parameters,","    flags = require(\"../options\").flags;","","","// maximum timeout allowed by raspicam command","var INFINITY_MS = 999999999;","","// flat to tell if a process is running","var PROCESS_RUNNING_FLAG = false;","","// commands","var PHOTO_CMD = '/opt/vc/bin/raspistill';","var TIMELAPSE_CMD = '/opt/vc/bin/raspistill';","var VIDEO_CMD = '/opt/vc/bin/raspivid';","","// the process id of the process spawned to take photos/video","var child_process = null;","","","// Exit strategy to kill child process","// (eg. for timelapse) on parent process exit","process.on('exit', function() {","  if(PROCESS_RUNNING_FLAG){","    child_process.kill();","  }","});","","","/**"," * RaspiCam"," * @constructor"," *"," * @description Raspberry Pi camera controller object"," *"," * @param {Object} opts Options: mode, freq, delay, width, height, quality, encoding, filepath, filename, timeout"," */","function RaspiCam( opts ) {","  ","  if ( !(this instanceof RaspiCam) ) {","    return new RaspiCam( opts );","  }","","  // Ensure opts is an object","  opts = opts || {};","","  if(typeof opts.mode === \"undefined\" || typeof opts.output === \"undefined\"){","    console.log(\"Error: RaspiCam: must define mode and output\");","    return false;","  }","","  // Initialize this Board instance with","  // param specified properties.","  this.opts = {};","  _.assign( this.opts, opts );","","  // If any opts use the abbreviation, convert to","  // the full word (eg. from opts.w to opts.width)","  this.hashOpts( opts );","","  // Set up opts defaults","  this.defaultOpts( );","","  // Create derivative opts","  this.derivativeOpts( );","","  // If this.filepath doesn't exist, make it","  this.createFilepath( );","  ","  //child process","  this.child_process = null;","","  //directory watcher","  this.watcher = null;","","  //events.EventEmitter.call(this);","}","","// Inherit event api","util.inherits( RaspiCam, events.EventEmitter );","","/**","*","* hashOpts()","*","* Converts any abbreviated opts to their full word equivalent ","* and assigns to this.","* ","**/","RaspiCam.prototype.hashOpts = function(opts){","  for(var opt in opts){","    if(opt.length <= 3){","","      // if this opt is in the parameters hash","      if(typeof parameters[opt] !== \"undefined\"){","","        // reassign it to the full word","        this.opts[parameters[opt]] = opts[opt];","        delete this.opts[opt];","      }","","      // if this opt is in the flags hash","      if(typeof flags[opt] !== \"undefined\"){","","        // reassign it to the full word","        this.opts[flags[opt]] = opts[opt];","        delete this.opts[opt];","      }","    }","  }","};","","","/**","*","* defaultOpts()","*","* Parses the opts to set defaults.","*","**/","RaspiCam.prototype.defaultOpts = function(){","","  this.opts.mode = this.opts.mode || 'photo';//photo, timelapse or video","","  this.opts.width = this.opts.width || 640;","  this.opts.height = this.opts.height || 480;","","  // Limit timeout to the maximum value","  // supported by the Raspberry Pi camera,","  // determined by testing.","  if(typeof this.opts.timeout !== \"undefined\"){","    this.opts.timeout = Math.min( this.opts.timeout, INFINITY_MS );","  }","","};","","","/**","*","* derivativeOpts()","*","* Create any derivative opts, such as filepath and filename","* ","**/","RaspiCam.prototype.derivativeOpts = function(){","","  this.filename = this.opts.output.substr( this.opts.output.lastIndexOf(\"/\") + 1 );","","  this.filepath = this.opts.output.substr(0, this.opts.output.lastIndexOf(\"/\") + 1 ) || \"./\";","};","","","/**","*","* createFilepath()","*","* Create the filepath if it doesn't already exist.","* ","**/","RaspiCam.prototype.createFilepath = function(){","  if( !fs.existsSync( this.filepath )){","    fs.mkdirSync( this.filepath );","","    // set write permissions","    fs.chmodSync( this.filepath, 0755 );","  }","};","","","","RaspiCam.prototype.watchDirectory = function( ) {","  //alias to pass to callbacks","  var self = this;","","  //close previous directory watcher if any","  if(this.watcher !== null){","    this.watcher.close();","  }","","  //start watching the directory where the images will be stored to emit signals on each new photo saved","  this.watcher = fs.watch(this.filepath, function(event, filename){","    //rename is called once, change is called 3 times, so check for rename to elimate duplicates","    if(event === \"rename\"){","      console.log('raspicam::watcher::event ' + event);","      self.emit( \"read\", null, new Date().getTime(), filename );","    }else{","      console.log('raspicam::watcher::event ' + event);","      self.emit( event, null, new Date().getTime(), filename );","    }","  });","};","","/**"," * start Take a snapshot or start a timelapse or video recording"," * @param  {Number} mode Sensor pin mode value"," * @return {Object} instance"," */","RaspiCam.prototype.start = function( ) {","","  if(PROCESS_RUNNING_FLAG){","    return false;","  }","","  this.watchDirectory();","","  // build the arguments","  var args = [];","","  for(var opt in this.opts){","    if(opt !== \"mode\"){","      args.push(\"--\" + opt);","      //don't add value for true flags","      if( this.opts[opt].toString() != \"true\" && this.opts[opt].toString() != \"false\"){","        args.push(this.opts[opt].toString());","      }","    }","  }","","  var cmd;","","  switch(this.opts.mode){","    case 'photo':","      cmd = PHOTO_CMD;","      break;","    case 'timelapse':","      cmd = TIMELAPSE_CMD;","","      // if no timelapse frequency provided, return false","      if(typeof this.opts.timelapse === \"undefined\"){","        this.emit(\"start\", \"Error: must specify timelapse frequency option\", new Date().getTime() );","        return false;","      }","      // if not timeout provided, set to longest possible","      if(typeof this.opts.timeout === \"undefined\"){","        this.opts.timeout = INFINITY_MS;","      }","      break;","    case 'video':","      cmd = VIDEO_CMD;","      break;","    default:","      this.emit(\"start\", \"Error: mode must be photo, timelapse or video\", new Date().getTime() );","      return false;","  }","","  //start child process","  console.log('calling....');","  console.log(cmd + ' ' + args.join(\" \"));","  this.child_process = spawn(cmd, args);","  child_process = this.child_process;","  PROCESS_RUNNING_FLAG = true;","","  //set up listeners for stdout, stderr and process exit","  this.addChildProcessListeners();","","  this.emit(\"start\", null, new Date().getTime() );","   ","","  return true;","  ","};","","// stop the child process","// return true if process was running, false if no process to kill","RaspiCam.prototype.stop = function( ) {","","  //close previous directory watcher if any","  if(this.watcher !== null){","    this.watcher.close();","  }","","  if(PROCESS_RUNNING_FLAG){","    this.child_process.kill();","    child_process = null;","    PROCESS_RUNNING_FLAG = false;","","    this.emit(\"stop\", null, new Date().getTime() );","    return true;","  }else{","    this.emit(\"stop\", \"Error: no process was running\", new Date().getTime());","    return false;","  }","};","","","/**","*","* addChildProcessListeners()","* ","* Adds listeners to the child process spawned to take pictures","* or record video (raspistill or raspivideo).","*","**/","RaspiCam.prototype.addChildProcessListeners = function(){","  var self = this;","  var dout, derr;","","  this.child_process.stdout.on('data', function (data) {","    console.log('stdout: ' + data);","    dout = data;","  });","","  this.child_process.stderr.on('data', function (data) {","    console.log('stderr: ' + data);","    derr = data;","  });","","  this.child_process.on('close', function (code) {    ","    //emit exit signal for process chaining over time","    self.emit( \"exit\", new Date().getTime() );","","    PROCESS_RUNNING_FLAG = false;","    self.child_process = null;","    child_process = null;","    this.watcher = null;","  });","","};","","","/**","*","* getter","*","**/","RaspiCam.prototype.get = function(opt){","  return this.opts[opt];","};","","","/**","*","* setter","*","**/","RaspiCam.prototype.set = function(opt, value){","  this.opts[opt] = value;","  if(opt == \"output\"){","    //regenerate filepath, etc, with new output value","    this.derivativeOpts();","  }","};","","module.exports = RaspiCam;",""],"l":{"1":1,"12":1,"15":1,"18":1,"19":1,"20":1,"23":1,"28":1,"29":0,"30":0,"43":1,"45":3,"46":0,"50":3,"52":3,"53":0,"54":0,"59":3,"60":3,"64":3,"67":3,"70":3,"73":3,"76":3,"79":3,"85":1,"95":1,"96":3,"97":13,"100":0,"103":0,"104":0,"108":0,"111":0,"112":0,"126":1,"128":3,"130":3,"131":3,"136":3,"137":3,"150":1,"152":3,"154":3,"165":1,"166":3,"167":0,"170":0,"176":1,"178":1,"181":1,"182":0,"186":1,"188":0,"189":0,"190":0,"192":0,"193":0,"203":1,"205":3,"206":2,"209":1,"212":1,"214":1,"215":6,"216":5,"218":5,"219":5,"224":1,"226":1,"228":1,"229":1,"231":0,"234":0,"235":0,"236":0,"239":0,"240":0,"242":0,"244":0,"245":0,"247":0,"248":0,"252":1,"253":1,"254":1,"255":1,"256":1,"259":1,"261":1,"264":1,"270":1,"273":0,"274":0,"277":0,"278":0,"279":0,"280":0,"282":0,"283":0,"285":0,"286":0,"299":1,"300":1,"301":1,"303":1,"304":0,"305":0,"308":1,"309":0,"310":0,"313":1,"315":0,"317":0,"318":0,"319":0,"320":0,"331":1,"332":0,"341":1,"342":0,"343":0,"345":0,"349":1}},"/home/travis/build/npmtest/node-npmtest-raspicam/node_modules/raspicam/lib/fn.js":{"path":"/home/travis/build/npmtest/node-npmtest-raspicam/node_modules/raspicam/lib/fn.js","s":{"1":1,"2":1,"3":0,"4":1,"5":1,"6":0,"7":1,"8":0,"9":0,"10":0,"11":0,"12":0,"13":0,"14":0,"15":0,"16":0,"17":0,"18":0,"19":1,"20":0,"21":0,"22":1,"23":0,"24":0,"25":0,"26":1,"27":0,"28":1,"29":0,"30":0,"31":1},"b":{"1":[0,0],"2":[0,0],"3":[0,0],"4":[0,0],"5":[0,0],"6":[0,0],"7":[0,0],"8":[0,0]},"f":{"1":0,"2":0,"3":0,"4":0,"5":0,"6":0,"7":0,"8":0,"9":0},"fnMap":{"1":{"name":"(anonymous_1)","line":12,"loc":{"start":{"line":12,"column":9},"end":{"line":12,"column":57}}},"2":{"name":"(anonymous_2)","line":24,"loc":{"start":{"line":24,"column":15},"end":{"line":24,"column":43}}},"3":{"name":"(anonymous_3)","line":35,"loc":{"start":{"line":35,"column":11},"end":{"line":35,"column":42}}},"4":{"name":"(anonymous_4)","line":64,"loc":{"start":{"line":64,"column":20},"end":{"line":64,"column":59}}},"5":{"name":"(anonymous_5)","line":65,"loc":{"start":{"line":65,"column":65},"end":{"line":65,"column":81}}},"6":{"name":"(anonymous_6)","line":74,"loc":{"start":{"line":74,"column":9},"end":{"line":74,"column":20}}},"7":{"name":"(anonymous_7)","line":75,"loc":{"start":{"line":75,"column":65},"end":{"line":75,"column":79}}},"8":{"name":"(anonymous_8)","line":85,"loc":{"start":{"line":85,"column":12},"end":{"line":85,"column":26}}},"9":{"name":"(anonymous_9)","line":94,"loc":{"start":{"line":94,"column":11},"end":{"line":94,"column":26}}}},"statementMap":{"1":{"start":{"line":1,"column":0},"end":{"line":6,"column":6}},"2":{"start":{"line":12,"column":0},"end":{"line":15,"column":2}},"3":{"start":{"line":13,"column":2},"end":{"line":14,"column":41}},"4":{"start":{"line":18,"column":0},"end":{"line":18,"column":18}},"5":{"start":{"line":24,"column":0},"end":{"line":27,"column":2}},"6":{"start":{"line":25,"column":2},"end":{"line":26,"column":38}},"7":{"start":{"line":35,"column":0},"end":{"line":56,"column":2}},"8":{"start":{"line":37,"column":2},"end":{"line":40,"column":3}},"9":{"start":{"line":38,"column":4},"end":{"line":38,"column":18}},"10":{"start":{"line":39,"column":4},"end":{"line":39,"column":14}},"11":{"start":{"line":42,"column":2},"end":{"line":42,"column":21}},"12":{"start":{"line":43,"column":2},"end":{"line":43,"column":21}},"13":{"start":{"line":44,"column":2},"end":{"line":44,"column":19}},"14":{"start":{"line":46,"column":2},"end":{"line":48,"column":17}},"15":{"start":{"line":50,"column":2},"end":{"line":53,"column":3}},"16":{"start":{"line":51,"column":4},"end":{"line":51,"column":27}},"17":{"start":{"line":52,"column":4},"end":{"line":52,"column":18}},"18":{"start":{"line":55,"column":2},"end":{"line":55,"column":15}},"19":{"start":{"line":64,"column":0},"end":{"line":68,"column":2}},"20":{"start":{"line":65,"column":2},"end":{"line":67,"column":5}},"21":{"start":{"line":66,"column":4},"end":{"line":66,"column":24}},"22":{"start":{"line":74,"column":0},"end":{"line":79,"column":2}},"23":{"start":{"line":75,"column":2},"end":{"line":78,"column":19}},"24":{"start":{"line":76,"column":4},"end":{"line":76,"column":37}},"25":{"start":{"line":77,"column":4},"end":{"line":77,"column":64}},"26":{"start":{"line":85,"column":0},"end":{"line":87,"column":2}},"27":{"start":{"line":86,"column":2},"end":{"line":86,"column":15}},"28":{"start":{"line":94,"column":0},"end":{"line":97,"column":2}},"29":{"start":{"line":95,"column":2},"end":{"line":95,"column":25}},"30":{"start":{"line":96,"column":2},"end":{"line":96,"column":38}},"31":{"start":{"line":102,"column":0},"end":{"line":102,"column":20}}},"branchMap":{"1":{"line":25,"type":"cond-expr","locations":[{"start":{"line":25,"column":36},"end":{"line":25,"column":37}},{"start":{"line":26,"column":11},"end":{"line":26,"column":36}}]},"2":{"line":25,"type":"binary-expr","locations":[{"start":{"line":25,"column":9},"end":{"line":25,"column":19}},{"start":{"line":25,"column":23},"end":{"line":25,"column":33}}]},"3":{"line":26,"type":"cond-expr","locations":[{"start":{"line":26,"column":23},"end":{"line":26,"column":28}},{"start":{"line":26,"column":31},"end":{"line":26,"column":36}}]},"4":{"line":37,"type":"if","locations":[{"start":{"line":37,"column":2},"end":{"line":37,"column":2}},{"start":{"line":37,"column":2},"end":{"line":37,"column":2}}]},"5":{"line":42,"type":"binary-expr","locations":[{"start":{"line":42,"column":10},"end":{"line":42,"column":15}},{"start":{"line":42,"column":19},"end":{"line":42,"column":20}}]},"6":{"line":43,"type":"binary-expr","locations":[{"start":{"line":43,"column":10},"end":{"line":43,"column":15}},{"start":{"line":43,"column":19},"end":{"line":43,"column":20}}]},"7":{"line":44,"type":"binary-expr","locations":[{"start":{"line":44,"column":9},"end":{"line":44,"column":13}},{"start":{"line":44,"column":17},"end":{"line":44,"column":18}}]},"8":{"line":77,"type":"cond-expr","locations":[{"start":{"line":77,"column":26},"end":{"line":77,"column":29}},{"start":{"line":77,"column":33},"end":{"line":77,"column":48}}]}},"code":["var lodash = require(\"lodash\"),","    Fn = {","      assign: lodash.assign,","      extend: lodash.extend,","      debounce: lodash.debounce","    };","","// Fn.map( val, fromLow, fromHigh, toLow, toHigh )","//","// Re-maps a number from one range to another.","// Based on arduino map()","Fn.map = function( x, fromLow, fromHigh, toLow, toHigh ) {","  return ( x - fromLow ) * ( toHigh - toLow ) /","          ( fromHigh - fromLow ) + toLow;","};","","// Alias","Fn.scale = Fn.map;","","// Fn.constrain( val, lower, upper )","//","// Constrains a number to be within a range.","// Based on arduino constrain()","Fn.constrain = function( x, lower, upper ) {","  return x <= upper && x >= lower ? x :","          (x > upper ? upper : lower);","};","","// Fn.range( upper )","// Fn.range( lower, upper )","// Fn.range( lower, upper, tick )","//","// Returns a new array range","//","Fn.range = function( lower, upper, tick ) {","","  if ( arguments.length === 1 ) {","    upper = lower;","    lower = 0;","  }","","  lower = lower || 0;","  upper = upper || 0;","  tick = tick || 1;","","  var len = Math.max( Math.ceil( (upper - lower) / tick ), 0 ),","      idx = 0,","      range = [];","","  while ( idx <= len ) {","    range[ idx++ ] = lower;","    lower += tick;","  }","","  return range;","};","","// Fn.range.prefixed( prefix, upper )","// Fn.range.prefixed( prefix, lower, upper )","// Fn.range.prefixed( prefix, lower, upper, tick )","//","// Returns a new array range, each value prefixed","//","Fn.range.prefixed = function( prefix, lower, upper, tick ) {","  return Fn.range.apply( null, [].slice.call(arguments, 1) ).map(function( val ) {","    return prefix + val;","  });","};","","// Fn.uid()","//","// Returns a reasonably unique id string","//","Fn.uid = function() {","  return \"xxxxxxxx-xxxx-4xxx-yxxx-xxxxxxxxxxxx\".replace(/[xy]/g, function(chr) {","    var rnd = Math.random() * 16 | 0;","    return (chr === \"x\" ? rnd : (rnd & 0x3 | 0x8)).toString(16);","  }).toUpperCase();","};","","// Fn.square()","//","// Returns squared x","//","Fn.square = function( x ) {","  return x * x;","};","","// Fn.sleep( ms )","//  delay for ms","//","// Returns undefined","//","Fn.sleep = function( ms ) {","  var start = Date.now();","  while ( Date.now() < start + ms ) {}","};","","","","","module.exports = Fn;",""],"l":{"1":1,"12":1,"13":0,"18":1,"24":1,"25":0,"35":1,"37":0,"38":0,"39":0,"42":0,"43":0,"44":0,"46":0,"50":0,"51":0,"52":0,"55":0,"64":1,"65":0,"66":0,"74":1,"75":0,"76":0,"77":0,"85":1,"86":0,"94":1,"95":0,"96":0,"102":1}},"/home/travis/build/npmtest/node-npmtest-raspicam/node_modules/raspicam/Gruntfile.js":{"path":"/home/travis/build/npmtest/node-npmtest-raspicam/node_modules/raspicam/Gruntfile.js","s":{"1":1,"2":0,"3":0,"4":0,"5":0,"6":0},"b":{},"f":{"1":0},"fnMap":{"1":{"name":"(anonymous_1)","line":1,"loc":{"start":{"line":1,"column":17},"end":{"line":1,"column":33}}}},"statementMap":{"1":{"start":{"line":1,"column":0},"end":{"line":72,"column":2}},"2":{"start":{"line":5,"column":1},"end":{"line":63,"column":4}},"3":{"start":{"line":66,"column":1},"end":{"line":66,"column":46}},"4":{"start":{"line":67,"column":1},"end":{"line":67,"column":44}},"5":{"start":{"line":68,"column":1},"end":{"line":68,"column":42}},"6":{"start":{"line":71,"column":1},"end":{"line":71,"column":55}}},"branchMap":{},"code":["module.exports = function(grunt) {","\t// Do grunt-related things in here","","\t// Project configuration.","\tgrunt.initConfig({","\t\tpkg: grunt.file.readJSON(\"package.json\"),","\t\tnodeunit: {","\t\t\ttests: [","\t\t\t\t\"test/raspicam.js\"","\t\t\t]","\t\t},","\t\tjshint: {","\t\t\toptions: {","\t\t\t\tcurly: true,","\t\t\t\teqeqeq: true,","\t\t\t\timmed: true,","\t\t\t\tlatedef: true,","\t\t\t\tnewcap: true,","\t\t\t\tnoarg: true,","\t\t\t\tsub: true,","\t\t\t\tundef: true,","\t\t\t\tboss: true,","\t\t\t\teqnull: true,","\t\t\t\tnode: true,","\t\t\t\tstrict: false,","\t\t\t\tglobals: {","\t\t\t\t\texports: true,","\t\t\t\t\tdocument: true,","\t\t\t\t\t$: true,","\t\t\t\t\tRadar: true,","\t\t\t\t\tWeakMap: true,","\t\t\t\t\twindow: true","\t\t\t\t}","\t\t\t},","\t\t\tfiles: {","\t\t\t\tsrc: [\"Gruntfile.js\", \"lib/**/*.js\", \"test/**/*.js\"]","\t\t\t}","\t\t},","\t\tjsbeautifier: {","\t\t\tfiles: [\"lib/**/*.js\"],","\t\t\toptions: {","\t\t\t\tjs: {","\t\t\t\t\tbraceStyle: \"collapse\",","\t\t\t\t\tbreakChainedMethods: false,","\t\t\t\t\te4x: false,","\t\t\t\t\tevalCode: false,","\t\t\t\t\tindentChar: \" \",","\t\t\t\t\tindentLevel: 0,","\t\t\t\t\tindentSize: 2,","\t\t\t\t\tindentWithTabs: false,","\t\t\t\t\tjslintHappy: false,","\t\t\t\t\tkeepArrayIndentation: false,","\t\t\t\t\tkeepFunctionIndentation: false,","\t\t\t\t\tmaxPreserveNewlines: 10,","\t\t\t\t\tpreserveNewlines: true,","\t\t\t\t\tspaceBeforeConditional: true,","\t\t\t\t\tspaceInParen: false,","\t\t\t\t\tunescapeStrings: false,","\t\t\t\t\twrapLineLength: 0","\t\t\t\t}","\t\t\t}","\t\t}","\t});//end initConfig","","\t// Default tasks are contrib plugins","\tgrunt.loadNpmTasks(\"grunt-contrib-nodeunit\");","\tgrunt.loadNpmTasks(\"grunt-contrib-jshint\");","\tgrunt.loadNpmTasks(\"grunt-jsbeautifier\");","","\t// Default task.","\tgrunt.registerTask(\"default\", [\"jshint\", \"nodeunit\"]);","};"],"l":{"1":1,"5":0,"66":0,"67":0,"68":0,"71":0}},"/home/travis/build/npmtest/node-npmtest-raspicam/node_modules/raspicam/eg/photo.js":{"path":"/home/travis/build/npmtest/node-npmtest-raspicam/node_modules/raspicam/eg/photo.js","s":{"1":1,"2":1,"3":1,"4":0,"5":1,"6":0,"7":1,"8":0,"9":1},"b":{},"f":{"1":0,"2":0,"3":0},"fnMap":{"1":{"name":"(anonymous_1)","line":11,"loc":{"start":{"line":11,"column":21},"end":{"line":11,"column":47}}},"2":{"name":"(anonymous_2)","line":15,"loc":{"start":{"line":15,"column":18},"end":{"line":15,"column":54}}},"3":{"name":"(anonymous_3)","line":19,"loc":{"start":{"line":19,"column":18},"end":{"line":19,"column":39}}}},"statementMap":{"1":{"start":{"line":1,"column":0},"end":{"line":1,"column":42}},"2":{"start":{"line":4,"column":0},"end":{"line":9,"column":3}},"3":{"start":{"line":11,"column":0},"end":{"line":13,"column":3}},"4":{"start":{"line":12,"column":1},"end":{"line":12,"column":47}},"5":{"start":{"line":15,"column":0},"end":{"line":17,"column":3}},"6":{"start":{"line":16,"column":1},"end":{"line":16,"column":65}},"7":{"start":{"line":19,"column":0},"end":{"line":21,"column":3}},"8":{"start":{"line":20,"column":1},"end":{"line":20,"column":64}},"9":{"start":{"line":23,"column":0},"end":{"line":23,"column":15}}},"branchMap":{},"code":["var RaspiCam = require(\"../lib/raspicam\");","","","var camera = new RaspiCam({","\tmode: \"photo\",","\toutput: \"./photo/image.jpg\",","\tencoding: \"jpg\",","\ttimeout: 0 // take the picture immediately","});","","camera.on(\"started\", function( err, timestamp ){","\tconsole.log(\"photo started at \" + timestamp );","});","","camera.on(\"read\", function( err, timestamp, filename ){","\tconsole.log(\"photo image captured with filename: \" + filename );","});","","camera.on(\"exit\", function( timestamp ){","\tconsole.log(\"photo child process has exited at \" + timestamp );","});","","camera.start();"],"l":{"1":1,"4":1,"11":1,"12":0,"15":1,"16":0,"19":1,"20":0,"23":1}},"/home/travis/build/npmtest/node-npmtest-raspicam/node_modules/raspicam/eg/timelapse.js":{"path":"/home/travis/build/npmtest/node-npmtest-raspicam/node_modules/raspicam/eg/timelapse.js","s":{"1":1,"2":1,"3":1,"4":0,"5":1,"6":0,"7":1,"8":0,"9":1,"10":0,"11":1,"12":1,"13":0},"b":{},"f":{"1":0,"2":0,"3":0,"4":0,"5":0},"fnMap":{"1":{"name":"(anonymous_1)","line":12,"loc":{"start":{"line":12,"column":19},"end":{"line":12,"column":45}}},"2":{"name":"(anonymous_2)","line":16,"loc":{"start":{"line":16,"column":18},"end":{"line":16,"column":54}}},"3":{"name":"(anonymous_3)","line":20,"loc":{"start":{"line":20,"column":18},"end":{"line":20,"column":39}}},"4":{"name":"(anonymous_4)","line":24,"loc":{"start":{"line":24,"column":18},"end":{"line":24,"column":44}}},"5":{"name":"(anonymous_5)","line":31,"loc":{"start":{"line":31,"column":11},"end":{"line":31,"column":21}}}},"statementMap":{"1":{"start":{"line":1,"column":0},"end":{"line":1,"column":42}},"2":{"start":{"line":4,"column":0},"end":{"line":10,"column":3}},"3":{"start":{"line":12,"column":0},"end":{"line":14,"column":3}},"4":{"start":{"line":13,"column":1},"end":{"line":13,"column":50}},"5":{"start":{"line":16,"column":0},"end":{"line":18,"column":3}},"6":{"start":{"line":17,"column":1},"end":{"line":17,"column":68}},"7":{"start":{"line":20,"column":0},"end":{"line":22,"column":3}},"8":{"start":{"line":21,"column":1},"end":{"line":21,"column":51}},"9":{"start":{"line":24,"column":0},"end":{"line":26,"column":3}},"10":{"start":{"line":25,"column":1},"end":{"line":25,"column":73}},"11":{"start":{"line":28,"column":0},"end":{"line":28,"column":15}},"12":{"start":{"line":31,"column":0},"end":{"line":33,"column":10}},"13":{"start":{"line":32,"column":1},"end":{"line":32,"column":15}}},"branchMap":{},"code":["var RaspiCam = require(\"../lib/raspicam\");","","","var camera = new RaspiCam({","\tmode: \"timelapse\",","\toutput: \"./timelapse/image_%06d.jpg\", // image_000001.jpg, image_000002.jpg,...","\tencoding: \"jpg\",","\ttimelapse: 3000, // take a picture every 3 seconds","\ttimeout: 12000 // take a total of 4 pictures over 12 seconds","});","","camera.on(\"start\", function( err, timestamp ){","\tconsole.log(\"timelapse started at \" + timestamp);","});","","camera.on(\"read\", function( err, timestamp, filename ){","\tconsole.log(\"timelapse image captured with filename: \" + filename);","});","","camera.on(\"exit\", function( timestamp ){","\tconsole.log(\"timelapse child process has exited\");","});","","camera.on(\"stop\", function( err, timestamp ){","\tconsole.log(\"timelapse child process has been stopped at \" + timestamp);","});","","camera.start();","","// test stop() method before the full 12 seconds is up","setTimeout(function(){","\tcamera.stop();","}, 10000);"],"l":{"1":1,"4":1,"12":1,"13":0,"16":1,"17":0,"20":1,"21":0,"24":1,"25":0,"28":1,"31":1,"32":0}},"/home/travis/build/npmtest/node-npmtest-raspicam/node_modules/raspicam/eg/video.js":{"path":"/home/travis/build/npmtest/node-npmtest-raspicam/node_modules/raspicam/eg/video.js","s":{"1":1,"2":1,"3":1,"4":0,"5":1,"6":0,"7":1,"8":0,"9":1},"b":{},"f":{"1":0,"2":0,"3":0},"fnMap":{"1":{"name":"(anonymous_1)","line":11,"loc":{"start":{"line":11,"column":21},"end":{"line":11,"column":47}}},"2":{"name":"(anonymous_2)","line":15,"loc":{"start":{"line":15,"column":18},"end":{"line":15,"column":54}}},"3":{"name":"(anonymous_3)","line":19,"loc":{"start":{"line":19,"column":18},"end":{"line":19,"column":39}}}},"statementMap":{"1":{"start":{"line":1,"column":0},"end":{"line":1,"column":42}},"2":{"start":{"line":4,"column":0},"end":{"line":9,"column":3}},"3":{"start":{"line":11,"column":0},"end":{"line":13,"column":3}},"4":{"start":{"line":12,"column":1},"end":{"line":12,"column":47}},"5":{"start":{"line":15,"column":0},"end":{"line":17,"column":3}},"6":{"start":{"line":16,"column":1},"end":{"line":16,"column":80}},"7":{"start":{"line":19,"column":0},"end":{"line":21,"column":3}},"8":{"start":{"line":20,"column":1},"end":{"line":20,"column":64}},"9":{"start":{"line":23,"column":0},"end":{"line":23,"column":15}}},"branchMap":{},"code":["var RaspiCam = require(\"../lib/raspicam\");","","","var camera = new RaspiCam({","\tmode: \"video\",","\toutput: \"./video/video.h264\",","\tframerate: 15,","\ttimeout: 5000 // take a 5 second video","});","","camera.on(\"started\", function( err, timestamp ){","\tconsole.log(\"video started at \" + timestamp );","});","","camera.on(\"read\", function( err, timestamp, filename ){","\tconsole.log(\"video captured with filename: \" + filename + \" at \" + timestamp );","});","","camera.on(\"exit\", function( timestamp ){","\tconsole.log(\"video child process has exited at \" + timestamp );","});","","camera.start();"],"l":{"1":1,"4":1,"11":1,"12":0,"15":1,"16":0,"19":1,"20":0,"23":1}}}